2024-12-15 23:11:58 | INFO     | Components.video_processor:41 | Inicializando processador de vídeo para: downloads\YV2XXwAxMFQ.mp4
2024-12-15 23:11:58 | INFO     | Components.video_processor:53 | Usando device: cuda
2024-12-15 23:11:58 | INFO     | Components.video_processor:62 | Processador de vídeo inicializado com sucesso
2024-12-15 23:12:13 | INFO     | Components.video_processor:297 | Iniciando processamento dos segmentos de vídeo
2024-12-15 23:12:13 | INFO     | Components.video_processor:304 | Vídeo original: 1920x1080, 215.09s
2024-12-15 23:12:13 | INFO     | Components.video_processor:307 | Processando segmento 1/3
2024-12-15 23:12:14 | INFO     | Components.video_processor:350 | Aplicando processamento ao segmento 1
2024-12-15 23:12:14 | DEBUG    | Components.video_processor:106 | Detectadas 2 faces no frame
2024-12-15 23:12:14 | INFO     | Components.video_processor:355 | Adicionando legendas ao segmento 1
2024-12-15 23:12:14 | INFO     | Components.video_processor:307 | Processando segmento 2/3
2024-12-15 23:12:15 | INFO     | Components.video_processor:350 | Aplicando processamento ao segmento 2
2024-12-15 23:12:15 | DEBUG    | Components.video_processor:106 | Detectadas 1 faces no frame
2024-12-15 23:12:15 | INFO     | Components.video_processor:355 | Adicionando legendas ao segmento 2
2024-12-15 23:12:15 | INFO     | Components.video_processor:307 | Processando segmento 3/3
2024-12-15 23:12:16 | INFO     | Components.video_processor:350 | Aplicando processamento ao segmento 3
2024-12-15 23:12:16 | DEBUG    | Components.video_processor:106 | Detectadas 1 faces no frame
2024-12-15 23:12:16 | INFO     | Components.video_processor:355 | Adicionando legendas ao segmento 3
2024-12-15 23:12:17 | INFO     | Components.video_processor:365 | Concatenando clips...
2024-12-15 23:12:17 | DEBUG    | Components.video_processor:106 | Detectadas 2 faces no frame
2024-12-15 23:12:18 | INFO     | Components.video_processor:369 | Salvando vídeo final em: results\YV2XXwAxMFQ\The Game Awards Orchestra Performs Music from the _short.mp4
2024-12-15 23:12:19 | DEBUG    | Components.video_processor:106 | Detectadas 2 faces no frame
2024-12-15 23:12:19 | DEBUG    | Components.video_processor:106 | Detectadas 2 faces no frame
2024-12-15 23:12:19 | DEBUG    | Components.video_processor:106 | Detectadas 2 faces no frame
2024-12-15 23:12:19 | DEBUG    | Components.video_processor:106 | Detectadas 2 faces no frame
2024-12-15 23:12:19 | DEBUG    | Components.video_processor:106 | Detectadas 2 faces no frame
2024-12-15 23:12:19 | DEBUG    | Components.video_processor:106 | Detectadas 1 faces no frame
2024-12-15 23:12:19 | DEBUG    | Components.video_processor:106 | Detectadas 1 faces no frame
2024-12-15 23:12:19 | DEBUG    | Components.video_processor:106 | Detectadas 1 faces no frame
2024-12-15 23:12:19 | DEBUG    | Components.video_processor:106 | Detectadas 1 faces no frame
2024-12-15 23:12:19 | DEBUG    | Components.video_processor:106 | Detectadas 1 faces no frame
2024-12-15 23:12:19 | DEBUG    | Components.video_processor:106 | Detectadas 1 faces no frame
2024-12-15 23:12:19 | DEBUG    | Components.video_processor:106 | Detectadas 2 faces no frame
2024-12-15 23:12:19 | DEBUG    | Components.video_processor:106 | Detectadas 2 faces no frame
2024-12-15 23:12:19 | DEBUG    | Components.video_processor:106 | Detectadas 2 faces no frame
2024-12-15 23:12:19 | DEBUG    | Components.video_processor:106 | Detectadas 2 faces no frame
2024-12-15 23:12:19 | DEBUG    | Components.video_processor:106 | Detectadas 2 faces no frame
2024-12-15 23:12:19 | DEBUG    | Components.video_processor:106 | Detectadas 2 faces no frame
2024-12-15 23:12:19 | DEBUG    | Components.video_processor:106 | Detectadas 2 faces no frame
2024-12-15 23:12:19 | DEBUG    | Components.video_processor:106 | Detectadas 2 faces no frame
2024-12-15 23:12:19 | DEBUG    | Components.video_processor:106 | Detectadas 3 faces no frame
2024-12-15 23:12:19 | DEBUG    | Components.video_processor:106 | Detectadas 1 faces no frame
2024-12-15 23:12:19 | DEBUG    | Components.video_processor:106 | Detectadas 2 faces no frame
2024-12-15 23:12:19 | DEBUG    | Components.video_processor:106 | Detectadas 2 faces no frame
2024-12-15 23:12:19 | DEBUG    | Components.video_processor:106 | Detectadas 2 faces no frame
2024-12-15 23:12:19 | DEBUG    | Components.video_processor:106 | Detectadas 1 faces no frame
2024-12-15 23:12:19 | DEBUG    | Components.video_processor:106 | Detectadas 1 faces no frame
2024-12-15 23:12:19 | DEBUG    | Components.video_processor:106 | Detectadas 2 faces no frame
2024-12-15 23:12:19 | DEBUG    | Components.video_processor:106 | Detectadas 1 faces no frame
2024-12-15 23:12:19 | DEBUG    | Components.video_processor:106 | Detectadas 1 faces no frame
2024-12-15 23:12:19 | DEBUG    | Components.video_processor:106 | Detectadas 1 faces no frame
2024-12-15 23:12:20 | DEBUG    | Components.video_processor:106 | Detectadas 1 faces no frame
2024-12-15 23:12:20 | DEBUG    | Components.video_processor:106 | Detectadas 1 faces no frame
2024-12-15 23:12:20 | DEBUG    | Components.video_processor:106 | Detectadas 1 faces no frame
2024-12-15 23:12:20 | DEBUG    | Components.video_processor:106 | Detectadas 1 faces no frame
2024-12-15 23:12:20 | DEBUG    | Components.video_processor:106 | Detectadas 1 faces no frame
2024-12-15 23:12:20 | DEBUG    | Components.video_processor:106 | Detectadas 2 faces no frame
2024-12-15 23:12:20 | DEBUG    | Components.video_processor:106 | Detectadas 2 faces no frame
2024-12-15 23:12:20 | DEBUG    | Components.video_processor:106 | Detectadas 2 faces no frame
2024-12-15 23:12:20 | DEBUG    | Components.video_processor:106 | Detectadas 1 faces no frame
2024-12-15 23:12:20 | DEBUG    | Components.video_processor:106 | Detectadas 1 faces no frame
2024-12-15 23:12:20 | DEBUG    | Components.video_processor:106 | Detectadas 1 faces no frame
2024-12-15 23:12:20 | DEBUG    | Components.video_processor:106 | Detectadas 1 faces no frame
2024-12-15 23:12:20 | DEBUG    | Components.video_processor:106 | Detectadas 2 faces no frame
2024-12-15 23:12:20 | DEBUG    | Components.video_processor:106 | Detectadas 2 faces no frame
2024-12-15 23:12:20 | DEBUG    | Components.video_processor:106 | Detectadas 2 faces no frame
2024-12-15 23:12:20 | DEBUG    | Components.video_processor:106 | Detectadas 2 faces no frame
2024-12-15 23:12:20 | DEBUG    | Components.video_processor:106 | Detectadas 3 faces no frame
2024-12-15 23:12:20 | DEBUG    | Components.video_processor:106 | Detectadas 3 faces no frame
2024-12-15 23:12:20 | DEBUG    | Components.video_processor:106 | Detectadas 2 faces no frame
2024-12-15 23:12:20 | DEBUG    | Components.video_processor:106 | Detectadas 3 faces no frame
2024-12-15 23:12:20 | DEBUG    | Components.video_processor:106 | Detectadas 2 faces no frame
2024-12-15 23:12:20 | DEBUG    | Components.video_processor:106 | Detectadas 2 faces no frame
2024-12-15 23:12:20 | DEBUG    | Components.video_processor:106 | Detectadas 2 faces no frame
2024-12-15 23:12:20 | DEBUG    | Components.video_processor:106 | Detectadas 2 faces no frame
2024-12-15 23:12:21 | DEBUG    | Components.video_processor:106 | Detectadas 3 faces no frame
2024-12-15 23:12:21 | DEBUG    | Components.video_processor:106 | Detectadas 2 faces no frame
2024-12-15 23:12:21 | DEBUG    | Components.video_processor:106 | Detectadas 2 faces no frame
2024-12-15 23:12:21 | DEBUG    | Components.video_processor:106 | Detectadas 2 faces no frame
2024-12-15 23:12:21 | DEBUG    | Components.video_processor:106 | Detectadas 2 faces no frame
2024-12-15 23:12:21 | DEBUG    | Components.video_processor:106 | Detectadas 2 faces no frame
2024-12-15 23:12:21 | DEBUG    | Components.video_processor:106 | Detectadas 2 faces no frame
2024-12-15 23:12:21 | DEBUG    | Components.video_processor:106 | Detectadas 2 faces no frame
2024-12-15 23:12:21 | DEBUG    | Components.video_processor:106 | Detectadas 2 faces no frame
2024-12-15 23:12:21 | DEBUG    | Components.video_processor:106 | Detectadas 2 faces no frame
2024-12-15 23:12:21 | DEBUG    | Components.video_processor:106 | Detectadas 3 faces no frame
2024-12-15 23:12:21 | DEBUG    | Components.video_processor:106 | Detectadas 3 faces no frame
2024-12-15 23:12:21 | DEBUG    | Components.video_processor:106 | Detectadas 2 faces no frame
2024-12-15 23:12:22 | DEBUG    | Components.video_processor:106 | Detectadas 3 faces no frame
2024-12-15 23:12:22 | DEBUG    | Components.video_processor:106 | Detectadas 1 faces no frame
2024-12-15 23:12:22 | DEBUG    | Components.video_processor:106 | Detectadas 2 faces no frame
2024-12-15 23:12:22 | DEBUG    | Components.video_processor:106 | Detectadas 2 faces no frame
2024-12-15 23:12:22 | DEBUG    | Components.video_processor:106 | Detectadas 1 faces no frame
2024-12-15 23:12:22 | DEBUG    | Components.video_processor:106 | Detectadas 2 faces no frame
2024-12-15 23:12:22 | DEBUG    | Components.video_processor:106 | Detectadas 2 faces no frame
2024-12-15 23:12:22 | DEBUG    | Components.video_processor:106 | Detectadas 2 faces no frame
2024-12-15 23:12:22 | DEBUG    | Components.video_processor:106 | Detectadas 2 faces no frame
2024-12-15 23:12:22 | DEBUG    | Components.video_processor:106 | Detectadas 2 faces no frame
2024-12-15 23:12:22 | DEBUG    | Components.video_processor:106 | Detectadas 2 faces no frame
2024-12-15 23:12:22 | DEBUG    | Components.video_processor:106 | Detectadas 2 faces no frame
2024-12-15 23:12:23 | DEBUG    | Components.video_processor:106 | Detectadas 2 faces no frame
2024-12-15 23:12:23 | DEBUG    | Components.video_processor:106 | Detectadas 2 faces no frame
2024-12-15 23:12:23 | DEBUG    | Components.video_processor:106 | Detectadas 2 faces no frame
2024-12-15 23:12:23 | DEBUG    | Components.video_processor:106 | Detectadas 2 faces no frame
2024-12-15 23:12:23 | DEBUG    | Components.video_processor:106 | Detectadas 2 faces no frame
2024-12-15 23:12:23 | DEBUG    | Components.video_processor:106 | Detectadas 2 faces no frame
2024-12-15 23:12:23 | DEBUG    | Components.video_processor:106 | Detectadas 2 faces no frame
2024-12-15 23:12:23 | DEBUG    | Components.video_processor:106 | Detectadas 2 faces no frame
2024-12-15 23:12:23 | DEBUG    | Components.video_processor:106 | Detectadas 2 faces no frame
2024-12-15 23:12:23 | DEBUG    | Components.video_processor:106 | Detectadas 2 faces no frame
2024-12-15 23:12:23 | DEBUG    | Components.video_processor:106 | Detectadas 2 faces no frame
2024-12-15 23:12:23 | DEBUG    | Components.video_processor:106 | Detectadas 2 faces no frame
2024-12-15 23:12:24 | DEBUG    | Components.video_processor:106 | Detectadas 2 faces no frame
2024-12-15 23:12:24 | DEBUG    | Components.video_processor:106 | Detectadas 2 faces no frame
2024-12-15 23:12:24 | DEBUG    | Components.video_processor:106 | Detectadas 2 faces no frame
2024-12-15 23:12:32 | DEBUG    | Components.video_processor:106 | Detectadas 1 faces no frame
2024-12-15 23:12:33 | DEBUG    | Components.video_processor:106 | Detectadas 1 faces no frame
2024-12-15 23:12:33 | DEBUG    | Components.video_processor:106 | Detectadas 1 faces no frame
2024-12-15 23:12:33 | DEBUG    | Components.video_processor:106 | Detectadas 1 faces no frame
2024-12-15 23:12:33 | DEBUG    | Components.video_processor:106 | Detectadas 1 faces no frame
2024-12-15 23:12:33 | DEBUG    | Components.video_processor:106 | Detectadas 1 faces no frame
2024-12-15 23:12:34 | DEBUG    | Components.video_processor:106 | Detectadas 1 faces no frame
2024-12-15 23:12:34 | DEBUG    | Components.video_processor:106 | Detectadas 2 faces no frame
2024-12-15 23:12:34 | DEBUG    | Components.video_processor:106 | Detectadas 1 faces no frame
2024-12-15 23:12:34 | DEBUG    | Components.video_processor:106 | Detectadas 1 faces no frame
2024-12-15 23:12:34 | DEBUG    | Components.video_processor:106 | Detectadas 1 faces no frame
2024-12-15 23:12:34 | DEBUG    | Components.video_processor:106 | Detectadas 2 faces no frame
2024-12-15 23:12:34 | DEBUG    | Components.video_processor:106 | Detectadas 1 faces no frame
2024-12-15 23:12:34 | DEBUG    | Components.video_processor:106 | Detectadas 1 faces no frame
2024-12-15 23:12:34 | DEBUG    | Components.video_processor:106 | Detectadas 1 faces no frame
2024-12-15 23:12:34 | DEBUG    | Components.video_processor:106 | Detectadas 1 faces no frame
2024-12-15 23:12:34 | DEBUG    | Components.video_processor:106 | Detectadas 1 faces no frame
2024-12-15 23:12:35 | DEBUG    | Components.video_processor:106 | Detectadas 1 faces no frame
2024-12-15 23:12:35 | DEBUG    | Components.video_processor:106 | Detectadas 2 faces no frame
2024-12-15 23:12:35 | DEBUG    | Components.video_processor:106 | Detectadas 1 faces no frame
2024-12-15 23:12:35 | DEBUG    | Components.video_processor:106 | Detectadas 2 faces no frame
2024-12-15 23:12:35 | DEBUG    | Components.video_processor:106 | Detectadas 1 faces no frame
2024-12-15 23:12:35 | DEBUG    | Components.video_processor:106 | Detectadas 1 faces no frame
2024-12-15 23:12:36 | DEBUG    | Components.video_processor:106 | Detectadas 1 faces no frame
2024-12-15 23:12:36 | DEBUG    | Components.video_processor:106 | Detectadas 1 faces no frame
2024-12-15 23:12:36 | DEBUG    | Components.video_processor:106 | Detectadas 1 faces no frame
2024-12-15 23:12:36 | DEBUG    | Components.video_processor:106 | Detectadas 1 faces no frame
2024-12-15 23:12:36 | DEBUG    | Components.video_processor:106 | Detectadas 1 faces no frame
2024-12-15 23:12:36 | DEBUG    | Components.video_processor:106 | Detectadas 1 faces no frame
2024-12-15 23:12:36 | DEBUG    | Components.video_processor:106 | Detectadas 2 faces no frame
2024-12-15 23:12:37 | DEBUG    | Components.video_processor:106 | Detectadas 1 faces no frame
2024-12-15 23:12:37 | DEBUG    | Components.video_processor:106 | Detectadas 1 faces no frame
2024-12-15 23:12:37 | DEBUG    | Components.video_processor:106 | Detectadas 1 faces no frame
2024-12-15 23:12:37 | DEBUG    | Components.video_processor:106 | Detectadas 1 faces no frame
2024-12-15 23:12:37 | DEBUG    | Components.video_processor:106 | Detectadas 1 faces no frame
2024-12-15 23:12:37 | DEBUG    | Components.video_processor:106 | Detectadas 1 faces no frame
2024-12-15 23:12:37 | DEBUG    | Components.video_processor:106 | Detectadas 1 faces no frame
2024-12-15 23:12:38 | DEBUG    | Components.video_processor:106 | Detectadas 1 faces no frame
2024-12-15 23:12:38 | DEBUG    | Components.video_processor:106 | Detectadas 1 faces no frame
2024-12-15 23:12:38 | DEBUG    | Components.video_processor:106 | Detectadas 1 faces no frame
2024-12-15 23:12:38 | DEBUG    | Components.video_processor:106 | Detectadas 1 faces no frame
2024-12-15 23:12:38 | DEBUG    | Components.video_processor:106 | Detectadas 1 faces no frame
2024-12-15 23:12:39 | DEBUG    | Components.video_processor:106 | Detectadas 1 faces no frame
2024-12-15 23:12:39 | DEBUG    | Components.video_processor:106 | Detectadas 1 faces no frame
2024-12-15 23:12:39 | DEBUG    | Components.video_processor:106 | Detectadas 1 faces no frame
2024-12-15 23:12:39 | DEBUG    | Components.video_processor:106 | Detectadas 1 faces no frame
2024-12-15 23:12:39 | DEBUG    | Components.video_processor:106 | Detectadas 1 faces no frame
2024-12-15 23:12:40 | DEBUG    | Components.video_processor:106 | Detectadas 1 faces no frame
2024-12-15 23:12:40 | DEBUG    | Components.video_processor:106 | Detectadas 1 faces no frame
2024-12-15 23:12:40 | DEBUG    | Components.video_processor:106 | Detectadas 1 faces no frame
2024-12-15 23:12:41 | DEBUG    | Components.video_processor:106 | Detectadas 1 faces no frame
2024-12-15 23:12:41 | DEBUG    | Components.video_processor:106 | Detectadas 1 faces no frame
2024-12-15 23:12:43 | DEBUG    | Components.video_processor:106 | Detectadas 1 faces no frame
2024-12-15 23:12:47 | DEBUG    | Components.video_processor:106 | Detectadas 1 faces no frame
2024-12-15 23:12:47 | DEBUG    | Components.video_processor:106 | Detectadas 1 faces no frame
2024-12-15 23:12:47 | DEBUG    | Components.video_processor:106 | Detectadas 1 faces no frame
2024-12-15 23:12:47 | DEBUG    | Components.video_processor:106 | Detectadas 1 faces no frame
2024-12-15 23:12:47 | DEBUG    | Components.video_processor:106 | Detectadas 1 faces no frame
2024-12-15 23:12:48 | DEBUG    | Components.video_processor:106 | Detectadas 1 faces no frame
2024-12-15 23:12:48 | DEBUG    | Components.video_processor:106 | Detectadas 1 faces no frame
2024-12-15 23:12:48 | DEBUG    | Components.video_processor:106 | Detectadas 1 faces no frame
2024-12-15 23:12:48 | DEBUG    | Components.video_processor:106 | Detectadas 1 faces no frame
2024-12-15 23:12:48 | DEBUG    | Components.video_processor:106 | Detectadas 1 faces no frame
2024-12-15 23:12:48 | DEBUG    | Components.video_processor:106 | Detectadas 1 faces no frame
2024-12-15 23:12:48 | DEBUG    | Components.video_processor:106 | Detectadas 1 faces no frame
2024-12-15 23:12:48 | DEBUG    | Components.video_processor:106 | Detectadas 1 faces no frame
2024-12-15 23:12:48 | DEBUG    | Components.video_processor:106 | Detectadas 1 faces no frame
2024-12-15 23:12:49 | DEBUG    | Components.video_processor:106 | Detectadas 2 faces no frame
2024-12-15 23:12:49 | DEBUG    | Components.video_processor:106 | Detectadas 1 faces no frame
2024-12-15 23:12:49 | DEBUG    | Components.video_processor:106 | Detectadas 1 faces no frame
2024-12-15 23:12:49 | DEBUG    | Components.video_processor:106 | Detectadas 1 faces no frame
2024-12-15 23:12:49 | DEBUG    | Components.video_processor:106 | Detectadas 3 faces no frame
2024-12-15 23:12:49 | DEBUG    | Components.video_processor:106 | Detectadas 2 faces no frame
2024-12-15 23:12:49 | DEBUG    | Components.video_processor:106 | Detectadas 2 faces no frame
2024-12-15 23:12:49 | DEBUG    | Components.video_processor:106 | Detectadas 2 faces no frame
2024-12-15 23:12:49 | DEBUG    | Components.video_processor:106 | Detectadas 3 faces no frame
2024-12-15 23:12:49 | DEBUG    | Components.video_processor:106 | Detectadas 2 faces no frame
2024-12-15 23:12:49 | DEBUG    | Components.video_processor:106 | Detectadas 2 faces no frame
2024-12-15 23:12:49 | DEBUG    | Components.video_processor:106 | Detectadas 3 faces no frame
2024-12-15 23:12:50 | DEBUG    | Components.video_processor:106 | Detectadas 3 faces no frame
2024-12-15 23:12:50 | DEBUG    | Components.video_processor:106 | Detectadas 3 faces no frame
2024-12-15 23:12:50 | DEBUG    | Components.video_processor:106 | Detectadas 3 faces no frame
2024-12-15 23:12:50 | DEBUG    | Components.video_processor:106 | Detectadas 3 faces no frame
2024-12-15 23:12:50 | DEBUG    | Components.video_processor:106 | Detectadas 2 faces no frame
2024-12-15 23:12:50 | DEBUG    | Components.video_processor:106 | Detectadas 1 faces no frame
2024-12-15 23:12:50 | DEBUG    | Components.video_processor:106 | Detectadas 2 faces no frame
2024-12-15 23:12:50 | DEBUG    | Components.video_processor:106 | Detectadas 2 faces no frame
2024-12-15 23:12:50 | DEBUG    | Components.video_processor:106 | Detectadas 2 faces no frame
2024-12-15 23:12:50 | DEBUG    | Components.video_processor:106 | Detectadas 2 faces no frame
2024-12-15 23:12:50 | DEBUG    | Components.video_processor:106 | Detectadas 2 faces no frame
2024-12-15 23:12:50 | DEBUG    | Components.video_processor:106 | Detectadas 2 faces no frame
2024-12-15 23:12:51 | DEBUG    | Components.video_processor:106 | Detectadas 2 faces no frame
2024-12-15 23:12:51 | DEBUG    | Components.video_processor:106 | Detectadas 2 faces no frame
2024-12-15 23:12:51 | DEBUG    | Components.video_processor:106 | Detectadas 2 faces no frame
2024-12-15 23:12:51 | DEBUG    | Components.video_processor:106 | Detectadas 3 faces no frame
2024-12-15 23:12:51 | DEBUG    | Components.video_processor:106 | Detectadas 2 faces no frame
2024-12-15 23:12:51 | DEBUG    | Components.video_processor:106 | Detectadas 3 faces no frame
2024-12-15 23:12:51 | DEBUG    | Components.video_processor:106 | Detectadas 3 faces no frame
2024-12-15 23:12:51 | DEBUG    | Components.video_processor:106 | Detectadas 3 faces no frame
2024-12-15 23:12:51 | DEBUG    | Components.video_processor:106 | Detectadas 4 faces no frame
2024-12-15 23:12:51 | DEBUG    | Components.video_processor:106 | Detectadas 4 faces no frame
2024-12-15 23:12:51 | DEBUG    | Components.video_processor:106 | Detectadas 2 faces no frame
2024-12-15 23:12:51 | DEBUG    | Components.video_processor:106 | Detectadas 2 faces no frame
2024-12-15 23:12:51 | DEBUG    | Components.video_processor:106 | Detectadas 2 faces no frame
2024-12-15 23:12:52 | DEBUG    | Components.video_processor:106 | Detectadas 2 faces no frame
2024-12-15 23:12:52 | DEBUG    | Components.video_processor:106 | Detectadas 2 faces no frame
2024-12-15 23:12:52 | DEBUG    | Components.video_processor:106 | Detectadas 2 faces no frame
2024-12-15 23:12:52 | DEBUG    | Components.video_processor:106 | Detectadas 2 faces no frame
2024-12-15 23:12:52 | DEBUG    | Components.video_processor:106 | Detectadas 3 faces no frame
2024-12-15 23:12:52 | DEBUG    | Components.video_processor:106 | Detectadas 3 faces no frame
2024-12-15 23:12:52 | DEBUG    | Components.video_processor:106 | Detectadas 3 faces no frame
2024-12-15 23:12:52 | DEBUG    | Components.video_processor:106 | Detectadas 3 faces no frame
2024-12-15 23:12:52 | DEBUG    | Components.video_processor:106 | Detectadas 2 faces no frame
2024-12-15 23:12:52 | DEBUG    | Components.video_processor:106 | Detectadas 3 faces no frame
2024-12-15 23:12:52 | DEBUG    | Components.video_processor:106 | Detectadas 2 faces no frame
2024-12-15 23:12:52 | DEBUG    | Components.video_processor:106 | Detectadas 2 faces no frame
2024-12-15 23:12:52 | DEBUG    | Components.video_processor:106 | Detectadas 2 faces no frame
2024-12-15 23:12:53 | DEBUG    | Components.video_processor:106 | Detectadas 2 faces no frame
2024-12-15 23:12:53 | DEBUG    | Components.video_processor:106 | Detectadas 1 faces no frame
2024-12-15 23:12:53 | DEBUG    | Components.video_processor:106 | Detectadas 2 faces no frame
2024-12-15 23:12:53 | DEBUG    | Components.video_processor:106 | Detectadas 2 faces no frame
2024-12-15 23:12:53 | DEBUG    | Components.video_processor:106 | Detectadas 2 faces no frame
2024-12-15 23:12:53 | DEBUG    | Components.video_processor:106 | Detectadas 2 faces no frame
2024-12-15 23:12:53 | DEBUG    | Components.video_processor:106 | Detectadas 2 faces no frame
2024-12-15 23:12:53 | DEBUG    | Components.video_processor:106 | Detectadas 1 faces no frame
2024-12-15 23:12:53 | DEBUG    | Components.video_processor:106 | Detectadas 1 faces no frame
2024-12-15 23:12:53 | DEBUG    | Components.video_processor:106 | Detectadas 2 faces no frame
2024-12-15 23:12:54 | DEBUG    | Components.video_processor:106 | Detectadas 1 faces no frame
2024-12-15 23:12:54 | DEBUG    | Components.video_processor:106 | Detectadas 2 faces no frame
2024-12-15 23:12:54 | DEBUG    | Components.video_processor:106 | Detectadas 1 faces no frame
2024-12-15 23:12:54 | DEBUG    | Components.video_processor:106 | Detectadas 4 faces no frame
2024-12-15 23:12:54 | DEBUG    | Components.video_processor:106 | Detectadas 3 faces no frame
2024-12-15 23:12:54 | DEBUG    | Components.video_processor:106 | Detectadas 3 faces no frame
2024-12-15 23:12:54 | DEBUG    | Components.video_processor:106 | Detectadas 2 faces no frame
2024-12-15 23:12:54 | DEBUG    | Components.video_processor:106 | Detectadas 3 faces no frame
2024-12-15 23:12:54 | DEBUG    | Components.video_processor:106 | Detectadas 2 faces no frame
2024-12-15 23:12:54 | DEBUG    | Components.video_processor:106 | Detectadas 2 faces no frame
2024-12-15 23:12:55 | DEBUG    | Components.video_processor:106 | Detectadas 4 faces no frame
2024-12-15 23:12:55 | DEBUG    | Components.video_processor:106 | Detectadas 3 faces no frame
2024-12-15 23:12:55 | DEBUG    | Components.video_processor:106 | Detectadas 4 faces no frame
2024-12-15 23:12:55 | DEBUG    | Components.video_processor:106 | Detectadas 3 faces no frame
2024-12-15 23:12:55 | DEBUG    | Components.video_processor:106 | Detectadas 4 faces no frame
2024-12-15 23:12:55 | DEBUG    | Components.video_processor:106 | Detectadas 5 faces no frame
2024-12-15 23:12:55 | DEBUG    | Components.video_processor:106 | Detectadas 3 faces no frame
2024-12-15 23:12:55 | DEBUG    | Components.video_processor:106 | Detectadas 5 faces no frame
2024-12-15 23:12:55 | DEBUG    | Components.video_processor:106 | Detectadas 5 faces no frame
2024-12-15 23:12:55 | DEBUG    | Components.video_processor:106 | Detectadas 4 faces no frame
2024-12-15 23:12:56 | DEBUG    | Components.video_processor:106 | Detectadas 4 faces no frame
2024-12-15 23:12:56 | DEBUG    | Components.video_processor:106 | Detectadas 4 faces no frame
2024-12-15 23:12:56 | DEBUG    | Components.video_processor:106 | Detectadas 5 faces no frame
2024-12-15 23:12:56 | DEBUG    | Components.video_processor:106 | Detectadas 5 faces no frame
2024-12-15 23:12:56 | DEBUG    | Components.video_processor:106 | Detectadas 5 faces no frame
2024-12-15 23:12:56 | DEBUG    | Components.video_processor:106 | Detectadas 5 faces no frame
2024-12-15 23:12:56 | DEBUG    | Components.video_processor:106 | Detectadas 5 faces no frame
2024-12-15 23:13:00 | DEBUG    | Components.video_processor:106 | Detectadas 1 faces no frame
2024-12-15 23:13:00 | DEBUG    | Components.video_processor:106 | Detectadas 1 faces no frame
2024-12-15 23:13:00 | DEBUG    | Components.video_processor:106 | Detectadas 1 faces no frame
2024-12-15 23:13:00 | DEBUG    | Components.video_processor:106 | Detectadas 2 faces no frame
2024-12-15 23:13:00 | DEBUG    | Components.video_processor:106 | Detectadas 1 faces no frame
2024-12-15 23:13:01 | DEBUG    | Components.video_processor:106 | Detectadas 1 faces no frame
2024-12-15 23:13:01 | DEBUG    | Components.video_processor:106 | Detectadas 1 faces no frame
2024-12-15 23:13:01 | DEBUG    | Components.video_processor:106 | Detectadas 1 faces no frame
2024-12-15 23:13:01 | DEBUG    | Components.video_processor:106 | Detectadas 1 faces no frame
2024-12-15 23:13:01 | DEBUG    | Components.video_processor:106 | Detectadas 1 faces no frame
2024-12-15 23:13:01 | DEBUG    | Components.video_processor:106 | Detectadas 1 faces no frame
2024-12-15 23:13:01 | DEBUG    | Components.video_processor:106 | Detectadas 1 faces no frame
2024-12-15 23:13:01 | DEBUG    | Components.video_processor:106 | Detectadas 1 faces no frame
2024-12-15 23:13:02 | DEBUG    | Components.video_processor:106 | Detectadas 1 faces no frame
2024-12-15 23:13:02 | DEBUG    | Components.video_processor:106 | Detectadas 1 faces no frame
2024-12-15 23:13:02 | DEBUG    | Components.video_processor:106 | Detectadas 1 faces no frame
2024-12-15 23:13:02 | DEBUG    | Components.video_processor:106 | Detectadas 1 faces no frame
2024-12-15 23:13:02 | DEBUG    | Components.video_processor:106 | Detectadas 1 faces no frame
2024-12-15 23:13:02 | DEBUG    | Components.video_processor:106 | Detectadas 1 faces no frame
2024-12-15 23:13:02 | DEBUG    | Components.video_processor:106 | Detectadas 1 faces no frame
2024-12-15 23:13:02 | DEBUG    | Components.video_processor:106 | Detectadas 1 faces no frame
2024-12-15 23:13:02 | DEBUG    | Components.video_processor:106 | Detectadas 1 faces no frame
2024-12-15 23:13:02 | DEBUG    | Components.video_processor:106 | Detectadas 1 faces no frame
2024-12-15 23:13:03 | DEBUG    | Components.video_processor:106 | Detectadas 2 faces no frame
2024-12-15 23:13:03 | DEBUG    | Components.video_processor:106 | Detectadas 1 faces no frame
2024-12-15 23:13:03 | DEBUG    | Components.video_processor:106 | Detectadas 1 faces no frame
2024-12-15 23:13:03 | DEBUG    | Components.video_processor:106 | Detectadas 1 faces no frame
2024-12-15 23:13:03 | DEBUG    | Components.video_processor:106 | Detectadas 1 faces no frame
2024-12-15 23:13:03 | DEBUG    | Components.video_processor:106 | Detectadas 1 faces no frame
2024-12-15 23:13:03 | DEBUG    | Components.video_processor:106 | Detectadas 1 faces no frame
2024-12-15 23:13:03 | DEBUG    | Components.video_processor:106 | Detectadas 1 faces no frame
2024-12-15 23:13:03 | DEBUG    | Components.video_processor:106 | Detectadas 1 faces no frame
2024-12-15 23:13:03 | DEBUG    | Components.video_processor:106 | Detectadas 1 faces no frame
2024-12-15 23:13:03 | DEBUG    | Components.video_processor:106 | Detectadas 1 faces no frame
2024-12-15 23:13:04 | DEBUG    | Components.video_processor:106 | Detectadas 1 faces no frame
2024-12-15 23:13:04 | DEBUG    | Components.video_processor:106 | Detectadas 1 faces no frame
2024-12-15 23:13:04 | DEBUG    | Components.video_processor:106 | Detectadas 1 faces no frame
2024-12-15 23:13:04 | DEBUG    | Components.video_processor:106 | Detectadas 1 faces no frame
2024-12-15 23:13:04 | DEBUG    | Components.video_processor:106 | Detectadas 1 faces no frame
2024-12-15 23:13:04 | DEBUG    | Components.video_processor:106 | Detectadas 1 faces no frame
2024-12-15 23:13:04 | DEBUG    | Components.video_processor:106 | Detectadas 1 faces no frame
2024-12-15 23:13:04 | DEBUG    | Components.video_processor:106 | Detectadas 1 faces no frame
2024-12-15 23:13:04 | DEBUG    | Components.video_processor:106 | Detectadas 1 faces no frame
2024-12-15 23:13:04 | DEBUG    | Components.video_processor:106 | Detectadas 1 faces no frame
2024-12-15 23:13:05 | DEBUG    | Components.video_processor:106 | Detectadas 1 faces no frame
2024-12-15 23:13:05 | DEBUG    | Components.video_processor:106 | Detectadas 1 faces no frame
2024-12-15 23:13:05 | DEBUG    | Components.video_processor:106 | Detectadas 1 faces no frame
2024-12-15 23:13:05 | DEBUG    | Components.video_processor:106 | Detectadas 1 faces no frame
2024-12-15 23:13:05 | DEBUG    | Components.video_processor:106 | Detectadas 1 faces no frame
2024-12-15 23:13:05 | DEBUG    | Components.video_processor:106 | Detectadas 1 faces no frame
2024-12-15 23:13:05 | DEBUG    | Components.video_processor:106 | Detectadas 1 faces no frame
2024-12-15 23:13:05 | DEBUG    | Components.video_processor:106 | Detectadas 1 faces no frame
2024-12-15 23:13:05 | DEBUG    | Components.video_processor:106 | Detectadas 1 faces no frame
2024-12-15 23:13:05 | DEBUG    | Components.video_processor:106 | Detectadas 1 faces no frame
2024-12-15 23:13:06 | DEBUG    | Components.video_processor:106 | Detectadas 1 faces no frame
2024-12-15 23:13:06 | DEBUG    | Components.video_processor:106 | Detectadas 1 faces no frame
2024-12-15 23:13:06 | DEBUG    | Components.video_processor:106 | Detectadas 1 faces no frame
2024-12-15 23:13:06 | DEBUG    | Components.video_processor:106 | Detectadas 1 faces no frame
2024-12-15 23:13:06 | DEBUG    | Components.video_processor:106 | Detectadas 1 faces no frame
2024-12-15 23:13:06 | DEBUG    | Components.video_processor:106 | Detectadas 1 faces no frame
2024-12-15 23:13:06 | DEBUG    | Components.video_processor:106 | Detectadas 1 faces no frame
2024-12-15 23:13:06 | DEBUG    | Components.video_processor:106 | Detectadas 1 faces no frame
2024-12-15 23:13:06 | DEBUG    | Components.video_processor:106 | Detectadas 1 faces no frame
2024-12-15 23:13:06 | DEBUG    | Components.video_processor:106 | Detectadas 1 faces no frame
2024-12-15 23:13:07 | DEBUG    | Components.video_processor:106 | Detectadas 1 faces no frame
2024-12-15 23:13:07 | DEBUG    | Components.video_processor:106 | Detectadas 1 faces no frame
2024-12-15 23:13:07 | DEBUG    | Components.video_processor:106 | Detectadas 1 faces no frame
2024-12-15 23:13:07 | DEBUG    | Components.video_processor:106 | Detectadas 1 faces no frame
2024-12-15 23:13:07 | DEBUG    | Components.video_processor:106 | Detectadas 1 faces no frame
2024-12-15 23:13:07 | DEBUG    | Components.video_processor:106 | Detectadas 1 faces no frame
2024-12-15 23:13:07 | DEBUG    | Components.video_processor:106 | Detectadas 1 faces no frame
2024-12-15 23:13:07 | DEBUG    | Components.video_processor:106 | Detectadas 1 faces no frame
2024-12-15 23:13:07 | DEBUG    | Components.video_processor:106 | Detectadas 1 faces no frame
2024-12-15 23:13:07 | DEBUG    | Components.video_processor:106 | Detectadas 1 faces no frame
2024-12-15 23:13:07 | DEBUG    | Components.video_processor:106 | Detectadas 1 faces no frame
2024-12-15 23:13:08 | DEBUG    | Components.video_processor:106 | Detectadas 1 faces no frame
2024-12-15 23:13:08 | DEBUG    | Components.video_processor:106 | Detectadas 1 faces no frame
2024-12-15 23:13:08 | DEBUG    | Components.video_processor:106 | Detectadas 1 faces no frame
2024-12-15 23:13:08 | DEBUG    | Components.video_processor:106 | Detectadas 1 faces no frame
2024-12-15 23:13:08 | DEBUG    | Components.video_processor:106 | Detectadas 1 faces no frame
2024-12-15 23:13:08 | DEBUG    | Components.video_processor:106 | Detectadas 1 faces no frame
2024-12-15 23:13:08 | DEBUG    | Components.video_processor:106 | Detectadas 1 faces no frame
2024-12-15 23:13:08 | DEBUG    | Components.video_processor:106 | Detectadas 1 faces no frame
2024-12-15 23:13:08 | DEBUG    | Components.video_processor:106 | Detectadas 1 faces no frame
2024-12-15 23:13:08 | DEBUG    | Components.video_processor:106 | Detectadas 1 faces no frame
2024-12-15 23:13:08 | DEBUG    | Components.video_processor:106 | Detectadas 1 faces no frame
2024-12-15 23:13:08 | DEBUG    | Components.video_processor:106 | Detectadas 1 faces no frame
2024-12-15 23:13:08 | DEBUG    | Components.video_processor:106 | Detectadas 1 faces no frame
2024-12-15 23:13:09 | DEBUG    | Components.video_processor:106 | Detectadas 1 faces no frame
2024-12-15 23:13:09 | DEBUG    | Components.video_processor:106 | Detectadas 1 faces no frame
2024-12-15 23:13:09 | DEBUG    | Components.video_processor:106 | Detectadas 1 faces no frame
2024-12-15 23:13:09 | DEBUG    | Components.video_processor:106 | Detectadas 1 faces no frame
2024-12-15 23:13:09 | DEBUG    | Components.video_processor:106 | Detectadas 1 faces no frame
2024-12-15 23:13:09 | DEBUG    | Components.video_processor:106 | Detectadas 1 faces no frame
2024-12-15 23:13:09 | DEBUG    | Components.video_processor:106 | Detectadas 1 faces no frame
2024-12-15 23:13:09 | DEBUG    | Components.video_processor:106 | Detectadas 1 faces no frame
2024-12-15 23:13:09 | DEBUG    | Components.video_processor:106 | Detectadas 1 faces no frame
2024-12-15 23:13:09 | DEBUG    | Components.video_processor:106 | Detectadas 1 faces no frame
2024-12-15 23:13:09 | DEBUG    | Components.video_processor:106 | Detectadas 1 faces no frame
2024-12-15 23:13:09 | DEBUG    | Components.video_processor:106 | Detectadas 1 faces no frame
2024-12-15 23:13:10 | DEBUG    | Components.video_processor:106 | Detectadas 1 faces no frame
2024-12-15 23:13:10 | DEBUG    | Components.video_processor:106 | Detectadas 1 faces no frame
2024-12-15 23:13:10 | DEBUG    | Components.video_processor:106 | Detectadas 1 faces no frame
2024-12-15 23:13:10 | DEBUG    | Components.video_processor:106 | Detectadas 1 faces no frame
2024-12-15 23:13:10 | DEBUG    | Components.video_processor:106 | Detectadas 1 faces no frame
2024-12-15 23:13:10 | DEBUG    | Components.video_processor:106 | Detectadas 1 faces no frame
2024-12-15 23:13:10 | DEBUG    | Components.video_processor:106 | Detectadas 1 faces no frame
2024-12-15 23:13:10 | DEBUG    | Components.video_processor:106 | Detectadas 1 faces no frame
2024-12-15 23:13:10 | DEBUG    | Components.video_processor:106 | Detectadas 1 faces no frame
2024-12-15 23:13:10 | DEBUG    | Components.video_processor:106 | Detectadas 1 faces no frame
2024-12-15 23:13:10 | DEBUG    | Components.video_processor:106 | Detectadas 1 faces no frame
2024-12-15 23:13:10 | DEBUG    | Components.video_processor:106 | Detectadas 1 faces no frame
2024-12-15 23:13:11 | DEBUG    | Components.video_processor:106 | Detectadas 1 faces no frame
2024-12-15 23:13:11 | DEBUG    | Components.video_processor:106 | Detectadas 1 faces no frame
2024-12-15 23:13:11 | DEBUG    | Components.video_processor:106 | Detectadas 1 faces no frame
2024-12-15 23:13:11 | DEBUG    | Components.video_processor:106 | Detectadas 1 faces no frame
2024-12-15 23:13:11 | DEBUG    | Components.video_processor:106 | Detectadas 1 faces no frame
2024-12-15 23:13:11 | DEBUG    | Components.video_processor:106 | Detectadas 1 faces no frame
2024-12-15 23:13:11 | DEBUG    | Components.video_processor:106 | Detectadas 1 faces no frame
2024-12-15 23:13:11 | DEBUG    | Components.video_processor:106 | Detectadas 1 faces no frame
2024-12-15 23:13:11 | DEBUG    | Components.video_processor:106 | Detectadas 1 faces no frame
2024-12-15 23:13:11 | DEBUG    | Components.video_processor:106 | Detectadas 1 faces no frame
2024-12-15 23:13:11 | DEBUG    | Components.video_processor:106 | Detectadas 1 faces no frame
2024-12-15 23:13:12 | DEBUG    | Components.video_processor:106 | Detectadas 1 faces no frame
2024-12-15 23:13:12 | DEBUG    | Components.video_processor:106 | Detectadas 1 faces no frame
2024-12-15 23:13:12 | DEBUG    | Components.video_processor:106 | Detectadas 1 faces no frame
2024-12-15 23:13:12 | DEBUG    | Components.video_processor:106 | Detectadas 1 faces no frame
2024-12-15 23:13:12 | DEBUG    | Components.video_processor:106 | Detectadas 1 faces no frame
2024-12-15 23:13:12 | DEBUG    | Components.video_processor:106 | Detectadas 1 faces no frame
2024-12-15 23:13:12 | DEBUG    | Components.video_processor:106 | Detectadas 1 faces no frame
2024-12-15 23:13:12 | DEBUG    | Components.video_processor:106 | Detectadas 1 faces no frame
2024-12-15 23:13:12 | DEBUG    | Components.video_processor:106 | Detectadas 1 faces no frame
2024-12-15 23:13:12 | DEBUG    | Components.video_processor:106 | Detectadas 1 faces no frame
2024-12-15 23:13:12 | DEBUG    | Components.video_processor:106 | Detectadas 1 faces no frame
2024-12-15 23:13:12 | DEBUG    | Components.video_processor:106 | Detectadas 1 faces no frame
2024-12-15 23:13:12 | DEBUG    | Components.video_processor:106 | Detectadas 1 faces no frame
2024-12-15 23:13:13 | DEBUG    | Components.video_processor:106 | Detectadas 1 faces no frame
2024-12-15 23:13:13 | DEBUG    | Components.video_processor:106 | Detectadas 1 faces no frame
2024-12-15 23:13:13 | DEBUG    | Components.video_processor:106 | Detectadas 1 faces no frame
2024-12-15 23:13:13 | DEBUG    | Components.video_processor:106 | Detectadas 1 faces no frame
2024-12-15 23:13:13 | DEBUG    | Components.video_processor:106 | Detectadas 1 faces no frame
2024-12-15 23:13:13 | DEBUG    | Components.video_processor:106 | Detectadas 1 faces no frame
2024-12-15 23:13:13 | DEBUG    | Components.video_processor:106 | Detectadas 1 faces no frame
2024-12-15 23:13:13 | DEBUG    | Components.video_processor:106 | Detectadas 1 faces no frame
2024-12-15 23:13:13 | DEBUG    | Components.video_processor:106 | Detectadas 1 faces no frame
2024-12-15 23:13:13 | DEBUG    | Components.video_processor:106 | Detectadas 1 faces no frame
2024-12-15 23:13:13 | DEBUG    | Components.video_processor:106 | Detectadas 1 faces no frame
2024-12-15 23:13:14 | DEBUG    | Components.video_processor:106 | Detectadas 1 faces no frame
2024-12-15 23:13:14 | DEBUG    | Components.video_processor:106 | Detectadas 1 faces no frame
2024-12-15 23:13:14 | DEBUG    | Components.video_processor:106 | Detectadas 1 faces no frame
2024-12-15 23:13:14 | DEBUG    | Components.video_processor:106 | Detectadas 1 faces no frame
2024-12-15 23:13:14 | DEBUG    | Components.video_processor:106 | Detectadas 1 faces no frame
2024-12-15 23:13:14 | DEBUG    | Components.video_processor:106 | Detectadas 1 faces no frame
2024-12-15 23:13:14 | DEBUG    | Components.video_processor:106 | Detectadas 1 faces no frame
2024-12-15 23:13:14 | DEBUG    | Components.video_processor:106 | Detectadas 1 faces no frame
2024-12-15 23:13:14 | DEBUG    | Components.video_processor:106 | Detectadas 1 faces no frame
2024-12-15 23:13:14 | DEBUG    | Components.video_processor:106 | Detectadas 1 faces no frame
2024-12-15 23:13:14 | DEBUG    | Components.video_processor:106 | Detectadas 1 faces no frame
2024-12-15 23:13:14 | DEBUG    | Components.video_processor:106 | Detectadas 1 faces no frame
2024-12-15 23:13:15 | DEBUG    | Components.video_processor:106 | Detectadas 1 faces no frame
2024-12-15 23:13:15 | DEBUG    | Components.video_processor:106 | Detectadas 1 faces no frame
2024-12-15 23:13:15 | DEBUG    | Components.video_processor:106 | Detectadas 1 faces no frame
2024-12-15 23:13:15 | DEBUG    | Components.video_processor:106 | Detectadas 1 faces no frame
2024-12-15 23:13:15 | DEBUG    | Components.video_processor:106 | Detectadas 1 faces no frame
2024-12-15 23:13:18 | DEBUG    | Components.video_processor:106 | Detectadas 1 faces no frame
2024-12-15 23:13:19 | DEBUG    | Components.video_processor:106 | Detectadas 1 faces no frame
2024-12-15 23:13:20 | DEBUG    | Components.video_processor:106 | Detectadas 1 faces no frame
2024-12-15 23:13:21 | DEBUG    | Components.video_processor:106 | Detectadas 1 faces no frame
2024-12-15 23:13:22 | DEBUG    | Components.video_processor:106 | Detectadas 1 faces no frame
2024-12-15 23:13:23 | DEBUG    | Components.video_processor:106 | Detectadas 1 faces no frame
2024-12-15 23:13:23 | DEBUG    | Components.video_processor:106 | Detectadas 1 faces no frame
2024-12-15 23:13:23 | DEBUG    | Components.video_processor:106 | Detectadas 1 faces no frame
2024-12-15 23:13:24 | DEBUG    | Components.video_processor:106 | Detectadas 1 faces no frame
2024-12-15 23:13:24 | DEBUG    | Components.video_processor:106 | Detectadas 1 faces no frame
2024-12-15 23:13:24 | DEBUG    | Components.video_processor:106 | Detectadas 1 faces no frame
2024-12-15 23:13:26 | DEBUG    | Components.video_processor:106 | Detectadas 1 faces no frame
2024-12-15 23:13:26 | DEBUG    | Components.video_processor:106 | Detectadas 1 faces no frame
2024-12-15 23:13:27 | DEBUG    | Components.video_processor:106 | Detectadas 1 faces no frame
2024-12-15 23:13:27 | DEBUG    | Components.video_processor:106 | Detectadas 1 faces no frame
2024-12-15 23:13:28 | DEBUG    | Components.video_processor:106 | Detectadas 1 faces no frame
2024-12-15 23:13:28 | DEBUG    | Components.video_processor:106 | Detectadas 2 faces no frame
2024-12-15 23:13:28 | DEBUG    | Components.video_processor:106 | Detectadas 1 faces no frame
2024-12-15 23:13:28 | DEBUG    | Components.video_processor:106 | Detectadas 1 faces no frame
2024-12-15 23:13:29 | DEBUG    | Components.video_processor:106 | Detectadas 1 faces no frame
2024-12-15 23:13:31 | DEBUG    | Components.video_processor:106 | Detectadas 1 faces no frame
2024-12-15 23:13:32 | DEBUG    | Components.video_processor:106 | Detectadas 1 faces no frame
2024-12-15 23:13:37 | DEBUG    | Components.video_processor:106 | Detectadas 1 faces no frame
2024-12-15 23:13:37 | DEBUG    | Components.video_processor:106 | Detectadas 1 faces no frame
2024-12-15 23:13:37 | DEBUG    | Components.video_processor:106 | Detectadas 1 faces no frame
2024-12-15 23:13:37 | DEBUG    | Components.video_processor:106 | Detectadas 1 faces no frame
2024-12-15 23:13:37 | DEBUG    | Components.video_processor:106 | Detectadas 1 faces no frame
2024-12-15 23:13:37 | DEBUG    | Components.video_processor:106 | Detectadas 1 faces no frame
2024-12-15 23:13:38 | DEBUG    | Components.video_processor:106 | Detectadas 1 faces no frame
2024-12-15 23:13:39 | DEBUG    | Components.video_processor:106 | Detectadas 2 faces no frame
2024-12-15 23:13:43 | DEBUG    | Components.video_processor:106 | Detectadas 1 faces no frame
2024-12-15 23:13:43 | DEBUG    | Components.video_processor:106 | Detectadas 1 faces no frame
2024-12-15 23:13:43 | DEBUG    | Components.video_processor:106 | Detectadas 1 faces no frame
2024-12-15 23:13:43 | DEBUG    | Components.video_processor:106 | Detectadas 1 faces no frame
2024-12-15 23:13:43 | DEBUG    | Components.video_processor:106 | Detectadas 1 faces no frame
2024-12-15 23:13:43 | DEBUG    | Components.video_processor:106 | Detectadas 1 faces no frame
2024-12-15 23:13:43 | DEBUG    | Components.video_processor:106 | Detectadas 1 faces no frame
2024-12-15 23:13:44 | DEBUG    | Components.video_processor:106 | Detectadas 1 faces no frame
2024-12-15 23:13:45 | DEBUG    | Components.video_processor:106 | Detectadas 2 faces no frame
2024-12-15 23:13:50 | DEBUG    | Components.video_processor:106 | Detectadas 1 faces no frame
2024-12-15 23:13:50 | DEBUG    | Components.video_processor:106 | Detectadas 1 faces no frame
2024-12-15 23:13:51 | DEBUG    | Components.video_processor:106 | Detectadas 1 faces no frame
2024-12-15 23:13:51 | DEBUG    | Components.video_processor:106 | Detectadas 1 faces no frame
2024-12-15 23:13:51 | DEBUG    | Components.video_processor:106 | Detectadas 1 faces no frame
2024-12-15 23:13:51 | DEBUG    | Components.video_processor:106 | Detectadas 1 faces no frame
2024-12-15 23:13:51 | DEBUG    | Components.video_processor:106 | Detectadas 1 faces no frame
2024-12-15 23:13:51 | DEBUG    | Components.video_processor:106 | Detectadas 1 faces no frame
2024-12-15 23:13:51 | DEBUG    | Components.video_processor:106 | Detectadas 1 faces no frame
2024-12-15 23:13:52 | DEBUG    | Components.video_processor:106 | Detectadas 1 faces no frame
2024-12-15 23:13:52 | DEBUG    | Components.video_processor:106 | Detectadas 1 faces no frame
2024-12-15 23:13:52 | DEBUG    | Components.video_processor:106 | Detectadas 1 faces no frame
2024-12-15 23:13:52 | DEBUG    | Components.video_processor:106 | Detectadas 1 faces no frame
2024-12-15 23:13:52 | DEBUG    | Components.video_processor:106 | Detectadas 1 faces no frame
2024-12-15 23:13:52 | DEBUG    | Components.video_processor:106 | Detectadas 1 faces no frame
2024-12-15 23:13:52 | DEBUG    | Components.video_processor:106 | Detectadas 2 faces no frame
2024-12-15 23:13:52 | DEBUG    | Components.video_processor:106 | Detectadas 1 faces no frame
2024-12-15 23:13:52 | DEBUG    | Components.video_processor:106 | Detectadas 2 faces no frame
2024-12-15 23:13:53 | DEBUG    | Components.video_processor:106 | Detectadas 1 faces no frame
2024-12-15 23:13:53 | DEBUG    | Components.video_processor:106 | Detectadas 2 faces no frame
2024-12-15 23:13:53 | DEBUG    | Components.video_processor:106 | Detectadas 1 faces no frame
2024-12-15 23:13:53 | DEBUG    | Components.video_processor:106 | Detectadas 1 faces no frame
2024-12-15 23:13:53 | DEBUG    | Components.video_processor:106 | Detectadas 1 faces no frame
2024-12-15 23:13:53 | DEBUG    | Components.video_processor:106 | Detectadas 1 faces no frame
2024-12-15 23:13:56 | DEBUG    | Components.video_processor:106 | Detectadas 1 faces no frame
2024-12-15 23:13:56 | DEBUG    | Components.video_processor:106 | Detectadas 1 faces no frame
2024-12-15 23:13:56 | DEBUG    | Components.video_processor:106 | Detectadas 1 faces no frame
2024-12-15 23:13:56 | DEBUG    | Components.video_processor:106 | Detectadas 1 faces no frame
2024-12-15 23:13:56 | DEBUG    | Components.video_processor:106 | Detectadas 1 faces no frame
2024-12-15 23:13:56 | DEBUG    | Components.video_processor:106 | Detectadas 1 faces no frame
2024-12-15 23:13:57 | DEBUG    | Components.video_processor:106 | Detectadas 1 faces no frame
2024-12-15 23:13:57 | DEBUG    | Components.video_processor:106 | Detectadas 1 faces no frame
2024-12-15 23:13:57 | DEBUG    | Components.video_processor:106 | Detectadas 1 faces no frame
2024-12-15 23:13:57 | DEBUG    | Components.video_processor:106 | Detectadas 1 faces no frame
2024-12-15 23:13:57 | DEBUG    | Components.video_processor:106 | Detectadas 1 faces no frame
2024-12-15 23:13:58 | DEBUG    | Components.video_processor:106 | Detectadas 1 faces no frame
2024-12-15 23:14:01 | DEBUG    | Components.video_processor:106 | Detectadas 1 faces no frame
2024-12-15 23:14:06 | DEBUG    | Components.video_processor:106 | Detectadas 1 faces no frame
2024-12-15 23:14:06 | DEBUG    | Components.video_processor:106 | Detectadas 1 faces no frame
2024-12-15 23:14:06 | DEBUG    | Components.video_processor:106 | Detectadas 1 faces no frame
2024-12-15 23:14:07 | DEBUG    | Components.video_processor:106 | Detectadas 1 faces no frame
2024-12-15 23:14:07 | DEBUG    | Components.video_processor:106 | Detectadas 1 faces no frame
2024-12-15 23:14:07 | DEBUG    | Components.video_processor:106 | Detectadas 1 faces no frame
2024-12-15 23:14:08 | DEBUG    | Components.video_processor:106 | Detectadas 1 faces no frame
2024-12-15 23:14:08 | DEBUG    | Components.video_processor:106 | Detectadas 1 faces no frame
2024-12-15 23:14:08 | DEBUG    | Components.video_processor:106 | Detectadas 1 faces no frame
2024-12-15 23:14:20 | DEBUG    | Components.video_processor:106 | Detectadas 1 faces no frame
2024-12-15 23:14:20 | DEBUG    | Components.video_processor:106 | Detectadas 1 faces no frame
2024-12-15 23:14:20 | DEBUG    | Components.video_processor:106 | Detectadas 1 faces no frame
2024-12-15 23:14:21 | DEBUG    | Components.video_processor:106 | Detectadas 1 faces no frame
2024-12-15 23:14:21 | DEBUG    | Components.video_processor:106 | Detectadas 1 faces no frame
2024-12-15 23:14:21 | DEBUG    | Components.video_processor:106 | Detectadas 1 faces no frame
2024-12-15 23:14:21 | DEBUG    | Components.video_processor:106 | Detectadas 1 faces no frame
2024-12-15 23:14:22 | DEBUG    | Components.video_processor:106 | Detectadas 1 faces no frame
2024-12-15 23:14:22 | DEBUG    | Components.video_processor:106 | Detectadas 1 faces no frame
2024-12-15 23:14:22 | DEBUG    | Components.video_processor:106 | Detectadas 1 faces no frame
2024-12-15 23:14:22 | DEBUG    | Components.video_processor:106 | Detectadas 1 faces no frame
2024-12-15 23:14:22 | DEBUG    | Components.video_processor:106 | Detectadas 1 faces no frame
2024-12-15 23:14:22 | DEBUG    | Components.video_processor:106 | Detectadas 1 faces no frame
2024-12-15 23:14:22 | DEBUG    | Components.video_processor:106 | Detectadas 1 faces no frame
2024-12-15 23:14:23 | DEBUG    | Components.video_processor:106 | Detectadas 1 faces no frame
2024-12-15 23:14:23 | DEBUG    | Components.video_processor:106 | Detectadas 1 faces no frame
2024-12-15 23:14:23 | DEBUG    | Components.video_processor:106 | Detectadas 1 faces no frame
2024-12-15 23:14:23 | DEBUG    | Components.video_processor:106 | Detectadas 1 faces no frame
2024-12-15 23:14:23 | DEBUG    | Components.video_processor:106 | Detectadas 1 faces no frame
2024-12-15 23:14:24 | DEBUG    | Components.video_processor:106 | Detectadas 1 faces no frame
2024-12-15 23:14:24 | DEBUG    | Components.video_processor:106 | Detectadas 1 faces no frame
2024-12-15 23:14:24 | DEBUG    | Components.video_processor:106 | Detectadas 1 faces no frame
2024-12-15 23:14:25 | DEBUG    | Components.video_processor:106 | Detectadas 2 faces no frame
2024-12-15 23:14:25 | DEBUG    | Components.video_processor:106 | Detectadas 2 faces no frame
2024-12-15 23:14:25 | DEBUG    | Components.video_processor:106 | Detectadas 2 faces no frame
2024-12-15 23:14:25 | DEBUG    | Components.video_processor:106 | Detectadas 1 faces no frame
2024-12-15 23:14:28 | DEBUG    | Components.video_processor:106 | Detectadas 1 faces no frame
2024-12-15 23:14:29 | DEBUG    | Components.video_processor:106 | Detectadas 1 faces no frame
2024-12-15 23:14:29 | DEBUG    | Components.video_processor:106 | Detectadas 1 faces no frame
2024-12-15 23:14:29 | DEBUG    | Components.video_processor:106 | Detectadas 1 faces no frame
2024-12-15 23:14:30 | DEBUG    | Components.video_processor:106 | Detectadas 1 faces no frame
2024-12-15 23:14:30 | DEBUG    | Components.video_processor:106 | Detectadas 1 faces no frame
2024-12-15 23:14:30 | DEBUG    | Components.video_processor:106 | Detectadas 1 faces no frame
2024-12-15 23:14:31 | DEBUG    | Components.video_processor:106 | Detectadas 1 faces no frame
2024-12-15 23:14:31 | DEBUG    | Components.video_processor:106 | Detectadas 1 faces no frame
2024-12-15 23:14:31 | DEBUG    | Components.video_processor:106 | Detectadas 1 faces no frame
2024-12-15 23:14:31 | DEBUG    | Components.video_processor:106 | Detectadas 1 faces no frame
2024-12-15 23:14:31 | DEBUG    | Components.video_processor:106 | Detectadas 1 faces no frame
2024-12-15 23:14:31 | DEBUG    | Components.video_processor:106 | Detectadas 1 faces no frame
2024-12-15 23:14:31 | DEBUG    | Components.video_processor:106 | Detectadas 1 faces no frame
2024-12-15 23:14:35 | DEBUG    | Components.video_processor:106 | Detectadas 1 faces no frame
2024-12-15 23:14:35 | DEBUG    | Components.video_processor:106 | Detectadas 1 faces no frame
2024-12-15 23:14:35 | DEBUG    | Components.video_processor:106 | Detectadas 1 faces no frame
2024-12-15 23:14:35 | DEBUG    | Components.video_processor:106 | Detectadas 1 faces no frame
2024-12-15 23:14:35 | DEBUG    | Components.video_processor:106 | Detectadas 1 faces no frame
2024-12-15 23:14:35 | DEBUG    | Components.video_processor:106 | Detectadas 1 faces no frame
2024-12-15 23:14:36 | DEBUG    | Components.video_processor:106 | Detectadas 1 faces no frame
2024-12-15 23:14:36 | DEBUG    | Components.video_processor:106 | Detectadas 1 faces no frame
2024-12-15 23:14:36 | DEBUG    | Components.video_processor:106 | Detectadas 1 faces no frame
2024-12-15 23:14:36 | DEBUG    | Components.video_processor:106 | Detectadas 1 faces no frame
2024-12-15 23:14:36 | DEBUG    | Components.video_processor:106 | Detectadas 1 faces no frame
2024-12-15 23:14:36 | DEBUG    | Components.video_processor:106 | Detectadas 1 faces no frame
2024-12-15 23:14:36 | DEBUG    | Components.video_processor:106 | Detectadas 1 faces no frame
2024-12-15 23:14:36 | DEBUG    | Components.video_processor:106 | Detectadas 1 faces no frame
2024-12-15 23:14:36 | DEBUG    | Components.video_processor:106 | Detectadas 1 faces no frame
2024-12-15 23:14:36 | DEBUG    | Components.video_processor:106 | Detectadas 1 faces no frame
2024-12-15 23:14:36 | DEBUG    | Components.video_processor:106 | Detectadas 1 faces no frame
2024-12-15 23:14:36 | DEBUG    | Components.video_processor:106 | Detectadas 1 faces no frame
2024-12-15 23:14:37 | DEBUG    | Components.video_processor:106 | Detectadas 1 faces no frame
2024-12-15 23:14:37 | DEBUG    | Components.video_processor:106 | Detectadas 1 faces no frame
2024-12-15 23:14:37 | DEBUG    | Components.video_processor:106 | Detectadas 1 faces no frame
2024-12-15 23:14:37 | DEBUG    | Components.video_processor:106 | Detectadas 1 faces no frame
2024-12-15 23:14:37 | DEBUG    | Components.video_processor:106 | Detectadas 1 faces no frame
2024-12-15 23:14:37 | DEBUG    | Components.video_processor:106 | Detectadas 1 faces no frame
2024-12-15 23:14:37 | DEBUG    | Components.video_processor:106 | Detectadas 1 faces no frame
2024-12-15 23:14:37 | DEBUG    | Components.video_processor:106 | Detectadas 1 faces no frame
2024-12-15 23:14:37 | DEBUG    | Components.video_processor:106 | Detectadas 1 faces no frame
2024-12-15 23:14:37 | DEBUG    | Components.video_processor:106 | Detectadas 1 faces no frame
2024-12-15 23:14:37 | DEBUG    | Components.video_processor:106 | Detectadas 1 faces no frame
2024-12-15 23:14:37 | DEBUG    | Components.video_processor:106 | Detectadas 1 faces no frame
2024-12-15 23:14:37 | DEBUG    | Components.video_processor:106 | Detectadas 1 faces no frame
2024-12-15 23:14:38 | DEBUG    | Components.video_processor:106 | Detectadas 1 faces no frame
2024-12-15 23:14:38 | DEBUG    | Components.video_processor:106 | Detectadas 1 faces no frame
2024-12-15 23:14:38 | DEBUG    | Components.video_processor:106 | Detectadas 1 faces no frame
2024-12-15 23:14:38 | DEBUG    | Components.video_processor:106 | Detectadas 1 faces no frame
2024-12-15 23:14:38 | DEBUG    | Components.video_processor:106 | Detectadas 1 faces no frame
2024-12-15 23:14:38 | DEBUG    | Components.video_processor:106 | Detectadas 1 faces no frame
2024-12-15 23:14:38 | DEBUG    | Components.video_processor:106 | Detectadas 1 faces no frame
2024-12-15 23:14:38 | DEBUG    | Components.video_processor:106 | Detectadas 1 faces no frame
2024-12-15 23:14:38 | DEBUG    | Components.video_processor:106 | Detectadas 1 faces no frame
2024-12-15 23:14:38 | DEBUG    | Components.video_processor:106 | Detectadas 1 faces no frame
2024-12-15 23:14:38 | DEBUG    | Components.video_processor:106 | Detectadas 1 faces no frame
2024-12-15 23:14:38 | DEBUG    | Components.video_processor:106 | Detectadas 1 faces no frame
2024-12-15 23:14:38 | DEBUG    | Components.video_processor:106 | Detectadas 1 faces no frame
2024-12-15 23:14:39 | DEBUG    | Components.video_processor:106 | Detectadas 1 faces no frame
2024-12-15 23:14:39 | DEBUG    | Components.video_processor:106 | Detectadas 1 faces no frame
2024-12-15 23:14:39 | DEBUG    | Components.video_processor:106 | Detectadas 1 faces no frame
2024-12-15 23:14:39 | DEBUG    | Components.video_processor:106 | Detectadas 1 faces no frame
2024-12-15 23:14:39 | DEBUG    | Components.video_processor:106 | Detectadas 1 faces no frame
2024-12-15 23:14:39 | DEBUG    | Components.video_processor:106 | Detectadas 1 faces no frame
2024-12-15 23:14:39 | DEBUG    | Components.video_processor:106 | Detectadas 1 faces no frame
2024-12-15 23:14:39 | DEBUG    | Components.video_processor:106 | Detectadas 1 faces no frame
2024-12-15 23:14:39 | DEBUG    | Components.video_processor:106 | Detectadas 1 faces no frame
2024-12-15 23:14:54 | DEBUG    | Components.video_processor:106 | Detectadas 1 faces no frame
2024-12-15 23:14:57 | DEBUG    | Components.video_processor:106 | Detectadas 1 faces no frame
2024-12-15 23:14:58 | DEBUG    | Components.video_processor:106 | Detectadas 1 faces no frame
2024-12-15 23:14:58 | DEBUG    | Components.video_processor:106 | Detectadas 1 faces no frame
2024-12-15 23:14:59 | DEBUG    | Components.video_processor:106 | Detectadas 1 faces no frame
2024-12-15 23:15:00 | DEBUG    | Components.video_processor:106 | Detectadas 1 faces no frame
2024-12-15 23:15:00 | DEBUG    | Components.video_processor:106 | Detectadas 1 faces no frame
2024-12-15 23:15:00 | DEBUG    | Components.video_processor:106 | Detectadas 1 faces no frame
2024-12-15 23:15:01 | DEBUG    | Components.video_processor:106 | Detectadas 1 faces no frame
2024-12-15 23:15:01 | DEBUG    | Components.video_processor:106 | Detectadas 1 faces no frame
2024-12-15 23:15:01 | DEBUG    | Components.video_processor:106 | Detectadas 1 faces no frame
2024-12-15 23:15:01 | DEBUG    | Components.video_processor:106 | Detectadas 1 faces no frame
2024-12-15 23:15:02 | DEBUG    | Components.video_processor:106 | Detectadas 1 faces no frame
2024-12-15 23:15:02 | DEBUG    | Components.video_processor:106 | Detectadas 1 faces no frame
2024-12-15 23:15:02 | DEBUG    | Components.video_processor:106 | Detectadas 1 faces no frame
2024-12-15 23:15:02 | DEBUG    | Components.video_processor:106 | Detectadas 1 faces no frame
2024-12-15 23:15:02 | DEBUG    | Components.video_processor:106 | Detectadas 1 faces no frame
2024-12-15 23:15:02 | DEBUG    | Components.video_processor:106 | Detectadas 1 faces no frame
2024-12-15 23:15:03 | DEBUG    | Components.video_processor:106 | Detectadas 1 faces no frame
2024-12-15 23:15:03 | DEBUG    | Components.video_processor:106 | Detectadas 1 faces no frame
2024-12-15 23:15:03 | DEBUG    | Components.video_processor:106 | Detectadas 1 faces no frame
2024-12-15 23:15:03 | DEBUG    | Components.video_processor:106 | Detectadas 1 faces no frame
2024-12-15 23:15:03 | DEBUG    | Components.video_processor:106 | Detectadas 2 faces no frame
2024-12-15 23:15:03 | DEBUG    | Components.video_processor:106 | Detectadas 1 faces no frame
2024-12-15 23:15:03 | DEBUG    | Components.video_processor:106 | Detectadas 1 faces no frame
2024-12-15 23:15:03 | DEBUG    | Components.video_processor:106 | Detectadas 1 faces no frame
2024-12-15 23:15:03 | DEBUG    | Components.video_processor:106 | Detectadas 1 faces no frame
2024-12-15 23:15:03 | DEBUG    | Components.video_processor:106 | Detectadas 1 faces no frame
2024-12-15 23:15:04 | DEBUG    | Components.video_processor:106 | Detectadas 1 faces no frame
2024-12-15 23:15:04 | DEBUG    | Components.video_processor:106 | Detectadas 1 faces no frame
2024-12-15 23:15:04 | DEBUG    | Components.video_processor:106 | Detectadas 1 faces no frame
2024-12-15 23:15:04 | DEBUG    | Components.video_processor:106 | Detectadas 1 faces no frame
2024-12-15 23:15:04 | DEBUG    | Components.video_processor:106 | Detectadas 1 faces no frame
2024-12-15 23:15:04 | DEBUG    | Components.video_processor:106 | Detectadas 1 faces no frame
2024-12-15 23:15:04 | DEBUG    | Components.video_processor:106 | Detectadas 1 faces no frame
2024-12-15 23:15:04 | DEBUG    | Components.video_processor:106 | Detectadas 1 faces no frame
2024-12-15 23:15:04 | DEBUG    | Components.video_processor:106 | Detectadas 1 faces no frame
2024-12-15 23:15:04 | DEBUG    | Components.video_processor:106 | Detectadas 1 faces no frame
2024-12-15 23:15:05 | DEBUG    | Components.video_processor:106 | Detectadas 1 faces no frame
2024-12-15 23:15:05 | DEBUG    | Components.video_processor:106 | Detectadas 1 faces no frame
2024-12-15 23:15:05 | DEBUG    | Components.video_processor:106 | Detectadas 1 faces no frame
2024-12-15 23:15:05 | DEBUG    | Components.video_processor:106 | Detectadas 1 faces no frame
2024-12-15 23:15:05 | DEBUG    | Components.video_processor:106 | Detectadas 1 faces no frame
2024-12-15 23:15:05 | DEBUG    | Components.video_processor:106 | Detectadas 1 faces no frame
2024-12-15 23:15:05 | DEBUG    | Components.video_processor:106 | Detectadas 1 faces no frame
2024-12-15 23:15:05 | DEBUG    | Components.video_processor:106 | Detectadas 1 faces no frame
2024-12-15 23:15:05 | DEBUG    | Components.video_processor:106 | Detectadas 1 faces no frame
2024-12-15 23:15:05 | DEBUG    | Components.video_processor:106 | Detectadas 1 faces no frame
2024-12-15 23:15:06 | DEBUG    | Components.video_processor:106 | Detectadas 1 faces no frame
2024-12-15 23:15:06 | DEBUG    | Components.video_processor:106 | Detectadas 1 faces no frame
2024-12-15 23:15:06 | DEBUG    | Components.video_processor:106 | Detectadas 1 faces no frame
2024-12-15 23:15:06 | DEBUG    | Components.video_processor:106 | Detectadas 1 faces no frame
2024-12-15 23:15:06 | DEBUG    | Components.video_processor:106 | Detectadas 1 faces no frame
2024-12-15 23:15:06 | DEBUG    | Components.video_processor:106 | Detectadas 1 faces no frame
2024-12-15 23:15:06 | DEBUG    | Components.video_processor:106 | Detectadas 1 faces no frame
2024-12-15 23:15:06 | DEBUG    | Components.video_processor:106 | Detectadas 1 faces no frame
2024-12-15 23:15:06 | DEBUG    | Components.video_processor:106 | Detectadas 1 faces no frame
2024-12-15 23:15:06 | DEBUG    | Components.video_processor:106 | Detectadas 1 faces no frame
2024-12-15 23:15:06 | DEBUG    | Components.video_processor:106 | Detectadas 1 faces no frame
2024-12-15 23:15:07 | DEBUG    | Components.video_processor:106 | Detectadas 1 faces no frame
2024-12-15 23:15:07 | DEBUG    | Components.video_processor:106 | Detectadas 1 faces no frame
2024-12-15 23:15:07 | DEBUG    | Components.video_processor:106 | Detectadas 1 faces no frame
2024-12-15 23:15:07 | DEBUG    | Components.video_processor:106 | Detectadas 1 faces no frame
2024-12-15 23:15:07 | DEBUG    | Components.video_processor:106 | Detectadas 1 faces no frame
2024-12-15 23:15:07 | DEBUG    | Components.video_processor:106 | Detectadas 1 faces no frame
2024-12-15 23:15:07 | DEBUG    | Components.video_processor:106 | Detectadas 1 faces no frame
2024-12-15 23:15:07 | DEBUG    | Components.video_processor:106 | Detectadas 2 faces no frame
2024-12-15 23:15:07 | DEBUG    | Components.video_processor:106 | Detectadas 2 faces no frame
2024-12-15 23:15:07 | DEBUG    | Components.video_processor:106 | Detectadas 2 faces no frame
2024-12-15 23:15:07 | DEBUG    | Components.video_processor:106 | Detectadas 2 faces no frame
2024-12-15 23:15:07 | DEBUG    | Components.video_processor:106 | Detectadas 2 faces no frame
2024-12-15 23:15:07 | DEBUG    | Components.video_processor:106 | Detectadas 2 faces no frame
2024-12-15 23:15:08 | DEBUG    | Components.video_processor:106 | Detectadas 3 faces no frame
2024-12-15 23:15:08 | DEBUG    | Components.video_processor:106 | Detectadas 3 faces no frame
2024-12-15 23:15:08 | DEBUG    | Components.video_processor:106 | Detectadas 3 faces no frame
2024-12-15 23:15:08 | DEBUG    | Components.video_processor:106 | Detectadas 3 faces no frame
2024-12-15 23:15:08 | DEBUG    | Components.video_processor:106 | Detectadas 3 faces no frame
2024-12-15 23:15:08 | DEBUG    | Components.video_processor:106 | Detectadas 3 faces no frame
2024-12-15 23:15:08 | DEBUG    | Components.video_processor:106 | Detectadas 2 faces no frame
2024-12-15 23:15:08 | DEBUG    | Components.video_processor:106 | Detectadas 3 faces no frame
2024-12-15 23:15:08 | DEBUG    | Components.video_processor:106 | Detectadas 3 faces no frame
2024-12-15 23:15:08 | DEBUG    | Components.video_processor:106 | Detectadas 3 faces no frame
2024-12-15 23:15:08 | DEBUG    | Components.video_processor:106 | Detectadas 3 faces no frame
2024-12-15 23:15:08 | DEBUG    | Components.video_processor:106 | Detectadas 3 faces no frame
2024-12-15 23:15:08 | DEBUG    | Components.video_processor:106 | Detectadas 3 faces no frame
2024-12-15 23:15:08 | DEBUG    | Components.video_processor:106 | Detectadas 3 faces no frame
2024-12-15 23:15:08 | DEBUG    | Components.video_processor:106 | Detectadas 3 faces no frame
2024-12-15 23:15:09 | DEBUG    | Components.video_processor:106 | Detectadas 3 faces no frame
2024-12-15 23:15:09 | DEBUG    | Components.video_processor:106 | Detectadas 3 faces no frame
2024-12-15 23:15:09 | DEBUG    | Components.video_processor:106 | Detectadas 3 faces no frame
2024-12-15 23:15:09 | DEBUG    | Components.video_processor:106 | Detectadas 3 faces no frame
2024-12-15 23:15:09 | DEBUG    | Components.video_processor:106 | Detectadas 3 faces no frame
2024-12-15 23:15:09 | DEBUG    | Components.video_processor:106 | Detectadas 4 faces no frame
2024-12-15 23:15:09 | DEBUG    | Components.video_processor:106 | Detectadas 3 faces no frame
2024-12-15 23:15:09 | DEBUG    | Components.video_processor:106 | Detectadas 3 faces no frame
2024-12-15 23:15:09 | DEBUG    | Components.video_processor:106 | Detectadas 3 faces no frame
2024-12-15 23:15:09 | DEBUG    | Components.video_processor:106 | Detectadas 3 faces no frame
2024-12-15 23:15:09 | DEBUG    | Components.video_processor:106 | Detectadas 3 faces no frame
2024-12-15 23:15:09 | DEBUG    | Components.video_processor:106 | Detectadas 3 faces no frame
2024-12-15 23:15:09 | DEBUG    | Components.video_processor:106 | Detectadas 3 faces no frame
2024-12-15 23:15:09 | DEBUG    | Components.video_processor:106 | Detectadas 3 faces no frame
2024-12-15 23:15:10 | DEBUG    | Components.video_processor:106 | Detectadas 3 faces no frame
2024-12-15 23:15:10 | DEBUG    | Components.video_processor:106 | Detectadas 3 faces no frame
2024-12-15 23:15:10 | DEBUG    | Components.video_processor:106 | Detectadas 3 faces no frame
2024-12-15 23:15:10 | DEBUG    | Components.video_processor:106 | Detectadas 3 faces no frame
2024-12-15 23:15:10 | DEBUG    | Components.video_processor:106 | Detectadas 2 faces no frame
2024-12-15 23:15:10 | DEBUG    | Components.video_processor:106 | Detectadas 2 faces no frame
2024-12-15 23:15:10 | DEBUG    | Components.video_processor:106 | Detectadas 3 faces no frame
2024-12-15 23:15:10 | DEBUG    | Components.video_processor:106 | Detectadas 3 faces no frame
2024-12-15 23:15:10 | DEBUG    | Components.video_processor:106 | Detectadas 4 faces no frame
2024-12-15 23:15:10 | DEBUG    | Components.video_processor:106 | Detectadas 2 faces no frame
2024-12-15 23:15:10 | DEBUG    | Components.video_processor:106 | Detectadas 3 faces no frame
2024-12-15 23:15:10 | DEBUG    | Components.video_processor:106 | Detectadas 3 faces no frame
2024-12-15 23:15:10 | DEBUG    | Components.video_processor:106 | Detectadas 4 faces no frame
2024-12-15 23:15:10 | DEBUG    | Components.video_processor:106 | Detectadas 4 faces no frame
2024-12-15 23:15:10 | DEBUG    | Components.video_processor:106 | Detectadas 3 faces no frame
2024-12-15 23:15:11 | DEBUG    | Components.video_processor:106 | Detectadas 3 faces no frame
2024-12-15 23:15:11 | DEBUG    | Components.video_processor:106 | Detectadas 3 faces no frame
2024-12-15 23:15:11 | DEBUG    | Components.video_processor:106 | Detectadas 3 faces no frame
2024-12-15 23:15:11 | DEBUG    | Components.video_processor:106 | Detectadas 2 faces no frame
2024-12-15 23:15:11 | DEBUG    | Components.video_processor:106 | Detectadas 2 faces no frame
2024-12-15 23:15:11 | DEBUG    | Components.video_processor:106 | Detectadas 2 faces no frame
2024-12-15 23:15:11 | DEBUG    | Components.video_processor:106 | Detectadas 3 faces no frame
2024-12-15 23:15:11 | DEBUG    | Components.video_processor:106 | Detectadas 3 faces no frame
2024-12-15 23:15:11 | DEBUG    | Components.video_processor:106 | Detectadas 3 faces no frame
2024-12-15 23:15:11 | DEBUG    | Components.video_processor:106 | Detectadas 3 faces no frame
2024-12-15 23:15:11 | DEBUG    | Components.video_processor:106 | Detectadas 3 faces no frame
2024-12-15 23:15:11 | DEBUG    | Components.video_processor:106 | Detectadas 2 faces no frame
2024-12-15 23:15:11 | DEBUG    | Components.video_processor:106 | Detectadas 2 faces no frame
2024-12-15 23:15:12 | DEBUG    | Components.video_processor:106 | Detectadas 3 faces no frame
2024-12-15 23:15:12 | DEBUG    | Components.video_processor:106 | Detectadas 1 faces no frame
2024-12-15 23:15:12 | DEBUG    | Components.video_processor:106 | Detectadas 1 faces no frame
2024-12-15 23:15:12 | DEBUG    | Components.video_processor:106 | Detectadas 2 faces no frame
2024-12-15 23:15:12 | DEBUG    | Components.video_processor:106 | Detectadas 2 faces no frame
2024-12-15 23:15:12 | DEBUG    | Components.video_processor:106 | Detectadas 2 faces no frame
2024-12-15 23:15:12 | DEBUG    | Components.video_processor:106 | Detectadas 2 faces no frame
2024-12-15 23:15:12 | DEBUG    | Components.video_processor:106 | Detectadas 1 faces no frame
2024-12-15 23:15:12 | DEBUG    | Components.video_processor:106 | Detectadas 1 faces no frame
2024-12-15 23:15:12 | DEBUG    | Components.video_processor:106 | Detectadas 2 faces no frame
2024-12-15 23:15:13 | DEBUG    | Components.video_processor:106 | Detectadas 1 faces no frame
2024-12-15 23:15:13 | DEBUG    | Components.video_processor:106 | Detectadas 1 faces no frame
2024-12-15 23:15:13 | DEBUG    | Components.video_processor:106 | Detectadas 1 faces no frame
2024-12-15 23:15:13 | DEBUG    | Components.video_processor:106 | Detectadas 1 faces no frame
2024-12-15 23:15:13 | DEBUG    | Components.video_processor:106 | Detectadas 1 faces no frame
2024-12-15 23:15:13 | DEBUG    | Components.video_processor:106 | Detectadas 1 faces no frame
2024-12-15 23:15:13 | DEBUG    | Components.video_processor:106 | Detectadas 2 faces no frame
2024-12-15 23:15:13 | DEBUG    | Components.video_processor:106 | Detectadas 2 faces no frame
2024-12-15 23:15:13 | DEBUG    | Components.video_processor:106 | Detectadas 1 faces no frame
2024-12-15 23:15:13 | DEBUG    | Components.video_processor:106 | Detectadas 1 faces no frame
2024-12-15 23:15:13 | DEBUG    | Components.video_processor:106 | Detectadas 2 faces no frame
2024-12-15 23:15:13 | DEBUG    | Components.video_processor:106 | Detectadas 2 faces no frame
2024-12-15 23:15:13 | DEBUG    | Components.video_processor:106 | Detectadas 3 faces no frame
2024-12-15 23:15:14 | DEBUG    | Components.video_processor:106 | Detectadas 1 faces no frame
2024-12-15 23:15:14 | DEBUG    | Components.video_processor:106 | Detectadas 1 faces no frame
2024-12-15 23:15:14 | DEBUG    | Components.video_processor:106 | Detectadas 2 faces no frame
2024-12-15 23:15:14 | DEBUG    | Components.video_processor:106 | Detectadas 1 faces no frame
2024-12-15 23:15:14 | DEBUG    | Components.video_processor:106 | Detectadas 1 faces no frame
2024-12-15 23:15:14 | DEBUG    | Components.video_processor:106 | Detectadas 2 faces no frame
2024-12-15 23:15:14 | DEBUG    | Components.video_processor:106 | Detectadas 2 faces no frame
2024-12-15 23:15:14 | DEBUG    | Components.video_processor:106 | Detectadas 1 faces no frame
2024-12-15 23:15:14 | DEBUG    | Components.video_processor:106 | Detectadas 1 faces no frame
2024-12-15 23:15:14 | DEBUG    | Components.video_processor:106 | Detectadas 1 faces no frame
2024-12-15 23:15:14 | DEBUG    | Components.video_processor:106 | Detectadas 1 faces no frame
2024-12-15 23:15:14 | DEBUG    | Components.video_processor:106 | Detectadas 1 faces no frame
2024-12-15 23:15:15 | DEBUG    | Components.video_processor:106 | Detectadas 1 faces no frame
2024-12-15 23:15:15 | DEBUG    | Components.video_processor:106 | Detectadas 2 faces no frame
2024-12-15 23:15:15 | DEBUG    | Components.video_processor:106 | Detectadas 1 faces no frame
2024-12-15 23:15:15 | DEBUG    | Components.video_processor:106 | Detectadas 1 faces no frame
2024-12-15 23:15:15 | DEBUG    | Components.video_processor:106 | Detectadas 1 faces no frame
2024-12-15 23:15:15 | DEBUG    | Components.video_processor:106 | Detectadas 1 faces no frame
2024-12-15 23:15:15 | DEBUG    | Components.video_processor:106 | Detectadas 1 faces no frame
2024-12-15 23:15:15 | DEBUG    | Components.video_processor:106 | Detectadas 1 faces no frame
2024-12-15 23:15:15 | DEBUG    | Components.video_processor:106 | Detectadas 1 faces no frame
2024-12-15 23:15:15 | DEBUG    | Components.video_processor:106 | Detectadas 1 faces no frame
2024-12-15 23:15:15 | DEBUG    | Components.video_processor:106 | Detectadas 1 faces no frame
2024-12-15 23:15:16 | DEBUG    | Components.video_processor:106 | Detectadas 1 faces no frame
2024-12-15 23:15:16 | DEBUG    | Components.video_processor:106 | Detectadas 1 faces no frame
2024-12-15 23:15:16 | DEBUG    | Components.video_processor:106 | Detectadas 1 faces no frame
2024-12-15 23:15:16 | DEBUG    | Components.video_processor:106 | Detectadas 1 faces no frame
2024-12-15 23:15:16 | DEBUG    | Components.video_processor:106 | Detectadas 1 faces no frame
2024-12-15 23:15:16 | DEBUG    | Components.video_processor:106 | Detectadas 2 faces no frame
2024-12-15 23:15:16 | DEBUG    | Components.video_processor:106 | Detectadas 3 faces no frame
2024-12-15 23:15:16 | DEBUG    | Components.video_processor:106 | Detectadas 2 faces no frame
2024-12-15 23:15:16 | DEBUG    | Components.video_processor:106 | Detectadas 1 faces no frame
2024-12-15 23:15:16 | DEBUG    | Components.video_processor:106 | Detectadas 1 faces no frame
2024-12-15 23:15:16 | DEBUG    | Components.video_processor:106 | Detectadas 2 faces no frame
2024-12-15 23:15:16 | DEBUG    | Components.video_processor:106 | Detectadas 2 faces no frame
2024-12-15 23:15:17 | DEBUG    | Components.video_processor:106 | Detectadas 2 faces no frame
2024-12-15 23:15:17 | DEBUG    | Components.video_processor:106 | Detectadas 3 faces no frame
2024-12-15 23:15:17 | DEBUG    | Components.video_processor:106 | Detectadas 3 faces no frame
2024-12-15 23:15:17 | DEBUG    | Components.video_processor:106 | Detectadas 3 faces no frame
2024-12-15 23:15:17 | DEBUG    | Components.video_processor:106 | Detectadas 2 faces no frame
2024-12-15 23:15:17 | DEBUG    | Components.video_processor:106 | Detectadas 3 faces no frame
2024-12-15 23:15:17 | DEBUG    | Components.video_processor:106 | Detectadas 3 faces no frame
2024-12-15 23:15:19 | DEBUG    | Components.video_processor:106 | Detectadas 1 faces no frame
2024-12-15 23:15:19 | DEBUG    | Components.video_processor:106 | Detectadas 1 faces no frame
2024-12-15 23:15:20 | DEBUG    | Components.video_processor:106 | Detectadas 1 faces no frame
2024-12-15 23:15:20 | DEBUG    | Components.video_processor:106 | Detectadas 1 faces no frame
2024-12-15 23:15:20 | DEBUG    | Components.video_processor:106 | Detectadas 1 faces no frame
2024-12-15 23:15:20 | DEBUG    | Components.video_processor:106 | Detectadas 1 faces no frame
2024-12-15 23:15:20 | DEBUG    | Components.video_processor:106 | Detectadas 1 faces no frame
2024-12-15 23:15:20 | DEBUG    | Components.video_processor:106 | Detectadas 1 faces no frame
2024-12-15 23:15:20 | DEBUG    | Components.video_processor:106 | Detectadas 1 faces no frame
2024-12-15 23:15:20 | DEBUG    | Components.video_processor:106 | Detectadas 1 faces no frame
2024-12-15 23:15:21 | DEBUG    | Components.video_processor:106 | Detectadas 1 faces no frame
2024-12-15 23:15:21 | DEBUG    | Components.video_processor:106 | Detectadas 1 faces no frame
2024-12-15 23:15:22 | DEBUG    | Components.video_processor:106 | Detectadas 1 faces no frame
2024-12-15 23:15:23 | DEBUG    | Components.video_processor:106 | Detectadas 1 faces no frame
2024-12-15 23:15:26 | DEBUG    | Components.video_processor:106 | Detectadas 1 faces no frame
2024-12-15 23:15:27 | DEBUG    | Components.video_processor:106 | Detectadas 1 faces no frame
2024-12-15 23:15:27 | DEBUG    | Components.video_processor:106 | Detectadas 1 faces no frame
2024-12-15 23:15:28 | DEBUG    | Components.video_processor:106 | Detectadas 1 faces no frame
2024-12-15 23:15:28 | DEBUG    | Components.video_processor:106 | Detectadas 1 faces no frame
2024-12-15 23:15:37 | DEBUG    | Components.video_processor:106 | Detectadas 1 faces no frame
2024-12-15 23:15:37 | DEBUG    | Components.video_processor:106 | Detectadas 1 faces no frame
2024-12-15 23:15:37 | DEBUG    | Components.video_processor:106 | Detectadas 1 faces no frame
2024-12-15 23:15:37 | DEBUG    | Components.video_processor:106 | Detectadas 1 faces no frame
2024-12-15 23:15:37 | DEBUG    | Components.video_processor:106 | Detectadas 1 faces no frame
2024-12-15 23:15:37 | DEBUG    | Components.video_processor:106 | Detectadas 1 faces no frame
2024-12-15 23:15:37 | DEBUG    | Components.video_processor:106 | Detectadas 1 faces no frame
2024-12-15 23:15:37 | DEBUG    | Components.video_processor:106 | Detectadas 1 faces no frame
2024-12-15 23:15:37 | DEBUG    | Components.video_processor:106 | Detectadas 1 faces no frame
2024-12-15 23:15:37 | DEBUG    | Components.video_processor:106 | Detectadas 1 faces no frame
2024-12-15 23:15:37 | DEBUG    | Components.video_processor:106 | Detectadas 1 faces no frame
2024-12-15 23:15:37 | DEBUG    | Components.video_processor:106 | Detectadas 1 faces no frame
2024-12-15 23:15:38 | DEBUG    | Components.video_processor:106 | Detectadas 1 faces no frame
2024-12-15 23:15:38 | DEBUG    | Components.video_processor:106 | Detectadas 1 faces no frame
2024-12-15 23:15:38 | DEBUG    | Components.video_processor:106 | Detectadas 1 faces no frame
2024-12-15 23:15:38 | DEBUG    | Components.video_processor:106 | Detectadas 1 faces no frame
2024-12-15 23:15:38 | DEBUG    | Components.video_processor:106 | Detectadas 1 faces no frame
2024-12-15 23:15:38 | DEBUG    | Components.video_processor:106 | Detectadas 1 faces no frame
2024-12-15 23:15:38 | DEBUG    | Components.video_processor:106 | Detectadas 1 faces no frame
2024-12-15 23:15:38 | DEBUG    | Components.video_processor:106 | Detectadas 1 faces no frame
2024-12-15 23:15:38 | DEBUG    | Components.video_processor:106 | Detectadas 1 faces no frame
2024-12-15 23:15:38 | DEBUG    | Components.video_processor:106 | Detectadas 1 faces no frame
2024-12-15 23:15:38 | DEBUG    | Components.video_processor:106 | Detectadas 1 faces no frame
2024-12-15 23:15:39 | DEBUG    | Components.video_processor:106 | Detectadas 1 faces no frame
2024-12-15 23:15:39 | DEBUG    | Components.video_processor:106 | Detectadas 1 faces no frame
2024-12-15 23:15:39 | DEBUG    | Components.video_processor:106 | Detectadas 1 faces no frame
2024-12-15 23:15:39 | DEBUG    | Components.video_processor:106 | Detectadas 1 faces no frame
2024-12-15 23:15:39 | DEBUG    | Components.video_processor:106 | Detectadas 1 faces no frame
2024-12-15 23:15:39 | DEBUG    | Components.video_processor:106 | Detectadas 1 faces no frame
2024-12-15 23:15:39 | DEBUG    | Components.video_processor:106 | Detectadas 1 faces no frame
2024-12-15 23:15:39 | DEBUG    | Components.video_processor:106 | Detectadas 1 faces no frame
2024-12-15 23:15:39 | DEBUG    | Components.video_processor:106 | Detectadas 1 faces no frame
2024-12-15 23:15:39 | DEBUG    | Components.video_processor:106 | Detectadas 1 faces no frame
2024-12-15 23:15:39 | DEBUG    | Components.video_processor:106 | Detectadas 1 faces no frame
2024-12-15 23:15:40 | DEBUG    | Components.video_processor:106 | Detectadas 1 faces no frame
2024-12-15 23:15:40 | DEBUG    | Components.video_processor:106 | Detectadas 1 faces no frame
2024-12-15 23:15:40 | DEBUG    | Components.video_processor:106 | Detectadas 1 faces no frame
2024-12-15 23:15:40 | DEBUG    | Components.video_processor:106 | Detectadas 1 faces no frame
2024-12-15 23:15:40 | DEBUG    | Components.video_processor:106 | Detectadas 1 faces no frame
2024-12-15 23:15:40 | DEBUG    | Components.video_processor:106 | Detectadas 1 faces no frame
2024-12-15 23:15:40 | DEBUG    | Components.video_processor:106 | Detectadas 1 faces no frame
2024-12-15 23:15:40 | DEBUG    | Components.video_processor:106 | Detectadas 1 faces no frame
2024-12-15 23:15:40 | DEBUG    | Components.video_processor:106 | Detectadas 1 faces no frame
2024-12-15 23:15:40 | DEBUG    | Components.video_processor:106 | Detectadas 1 faces no frame
2024-12-15 23:15:41 | DEBUG    | Components.video_processor:106 | Detectadas 1 faces no frame
2024-12-15 23:15:41 | DEBUG    | Components.video_processor:106 | Detectadas 1 faces no frame
2024-12-15 23:15:41 | DEBUG    | Components.video_processor:106 | Detectadas 1 faces no frame
2024-12-15 23:15:41 | DEBUG    | Components.video_processor:106 | Detectadas 1 faces no frame
2024-12-15 23:15:41 | DEBUG    | Components.video_processor:106 | Detectadas 1 faces no frame
2024-12-15 23:15:41 | DEBUG    | Components.video_processor:106 | Detectadas 1 faces no frame
2024-12-15 23:15:41 | DEBUG    | Components.video_processor:106 | Detectadas 1 faces no frame
2024-12-15 23:15:41 | DEBUG    | Components.video_processor:106 | Detectadas 1 faces no frame
2024-12-15 23:15:41 | DEBUG    | Components.video_processor:106 | Detectadas 1 faces no frame
2024-12-15 23:15:41 | DEBUG    | Components.video_processor:106 | Detectadas 1 faces no frame
2024-12-15 23:15:44 | DEBUG    | Components.video_processor:106 | Detectadas 1 faces no frame
2024-12-15 23:15:45 | DEBUG    | Components.video_processor:106 | Detectadas 1 faces no frame
2024-12-15 23:15:45 | DEBUG    | Components.video_processor:106 | Detectadas 1 faces no frame
2024-12-15 23:15:45 | DEBUG    | Components.video_processor:106 | Detectadas 1 faces no frame
2024-12-15 23:15:45 | DEBUG    | Components.video_processor:106 | Detectadas 1 faces no frame
2024-12-15 23:15:45 | DEBUG    | Components.video_processor:106 | Detectadas 1 faces no frame
2024-12-15 23:15:45 | DEBUG    | Components.video_processor:106 | Detectadas 1 faces no frame
2024-12-15 23:15:45 | DEBUG    | Components.video_processor:106 | Detectadas 1 faces no frame
2024-12-15 23:15:46 | DEBUG    | Components.video_processor:106 | Detectadas 1 faces no frame
2024-12-15 23:15:46 | DEBUG    | Components.video_processor:106 | Detectadas 1 faces no frame
2024-12-15 23:15:46 | DEBUG    | Components.video_processor:106 | Detectadas 1 faces no frame
2024-12-15 23:15:46 | DEBUG    | Components.video_processor:106 | Detectadas 1 faces no frame
2024-12-15 23:15:46 | DEBUG    | Components.video_processor:106 | Detectadas 1 faces no frame
2024-12-15 23:15:47 | DEBUG    | Components.video_processor:106 | Detectadas 1 faces no frame
2024-12-15 23:15:47 | DEBUG    | Components.video_processor:106 | Detectadas 1 faces no frame
2024-12-15 23:15:47 | DEBUG    | Components.video_processor:106 | Detectadas 1 faces no frame
2024-12-15 23:15:47 | DEBUG    | Components.video_processor:106 | Detectadas 1 faces no frame
2024-12-15 23:15:47 | DEBUG    | Components.video_processor:106 | Detectadas 1 faces no frame
2024-12-15 23:15:47 | DEBUG    | Components.video_processor:106 | Detectadas 1 faces no frame
2024-12-15 23:15:48 | DEBUG    | Components.video_processor:106 | Detectadas 1 faces no frame
2024-12-15 23:15:48 | DEBUG    | Components.video_processor:106 | Detectadas 1 faces no frame
2024-12-15 23:15:48 | DEBUG    | Components.video_processor:106 | Detectadas 1 faces no frame
2024-12-15 23:15:48 | DEBUG    | Components.video_processor:106 | Detectadas 1 faces no frame
2024-12-15 23:15:48 | DEBUG    | Components.video_processor:106 | Detectadas 2 faces no frame
2024-12-15 23:15:48 | DEBUG    | Components.video_processor:106 | Detectadas 2 faces no frame
2024-12-15 23:15:48 | DEBUG    | Components.video_processor:106 | Detectadas 1 faces no frame
2024-12-15 23:15:48 | DEBUG    | Components.video_processor:106 | Detectadas 1 faces no frame
2024-12-15 23:15:49 | DEBUG    | Components.video_processor:106 | Detectadas 1 faces no frame
2024-12-15 23:15:49 | DEBUG    | Components.video_processor:106 | Detectadas 2 faces no frame
2024-12-15 23:15:49 | DEBUG    | Components.video_processor:106 | Detectadas 2 faces no frame
2024-12-15 23:15:49 | DEBUG    | Components.video_processor:106 | Detectadas 1 faces no frame
2024-12-15 23:15:49 | DEBUG    | Components.video_processor:106 | Detectadas 1 faces no frame
2024-12-15 23:15:49 | DEBUG    | Components.video_processor:106 | Detectadas 1 faces no frame
2024-12-15 23:15:49 | DEBUG    | Components.video_processor:106 | Detectadas 1 faces no frame
2024-12-15 23:15:49 | DEBUG    | Components.video_processor:106 | Detectadas 2 faces no frame
2024-12-15 23:15:49 | DEBUG    | Components.video_processor:106 | Detectadas 2 faces no frame
2024-12-15 23:15:49 | DEBUG    | Components.video_processor:106 | Detectadas 2 faces no frame
2024-12-15 23:15:49 | DEBUG    | Components.video_processor:106 | Detectadas 2 faces no frame
2024-12-15 23:15:49 | DEBUG    | Components.video_processor:106 | Detectadas 2 faces no frame
2024-12-15 23:15:50 | DEBUG    | Components.video_processor:106 | Detectadas 2 faces no frame
2024-12-15 23:15:50 | DEBUG    | Components.video_processor:106 | Detectadas 2 faces no frame
2024-12-15 23:15:50 | DEBUG    | Components.video_processor:106 | Detectadas 2 faces no frame
2024-12-15 23:15:50 | DEBUG    | Components.video_processor:106 | Detectadas 1 faces no frame
2024-12-15 23:15:50 | DEBUG    | Components.video_processor:106 | Detectadas 2 faces no frame
2024-12-15 23:15:50 | DEBUG    | Components.video_processor:106 | Detectadas 1 faces no frame
2024-12-15 23:15:50 | DEBUG    | Components.video_processor:106 | Detectadas 2 faces no frame
2024-12-15 23:15:50 | DEBUG    | Components.video_processor:106 | Detectadas 1 faces no frame
2024-12-15 23:15:51 | DEBUG    | Components.video_processor:106 | Detectadas 1 faces no frame
2024-12-15 23:15:51 | DEBUG    | Components.video_processor:106 | Detectadas 3 faces no frame
2024-12-15 23:15:51 | DEBUG    | Components.video_processor:106 | Detectadas 1 faces no frame
2024-12-15 23:15:51 | DEBUG    | Components.video_processor:106 | Detectadas 1 faces no frame
2024-12-15 23:15:51 | DEBUG    | Components.video_processor:106 | Detectadas 3 faces no frame
2024-12-15 23:15:51 | DEBUG    | Components.video_processor:106 | Detectadas 2 faces no frame
2024-12-15 23:15:51 | DEBUG    | Components.video_processor:106 | Detectadas 2 faces no frame
2024-12-15 23:15:51 | DEBUG    | Components.video_processor:106 | Detectadas 3 faces no frame
2024-12-15 23:15:51 | DEBUG    | Components.video_processor:106 | Detectadas 4 faces no frame
2024-12-15 23:15:51 | DEBUG    | Components.video_processor:106 | Detectadas 2 faces no frame
2024-12-15 23:15:52 | DEBUG    | Components.video_processor:106 | Detectadas 1 faces no frame
2024-12-15 23:15:52 | DEBUG    | Components.video_processor:106 | Detectadas 1 faces no frame
2024-12-15 23:15:56 | INFO     | Components.video_processor:388 | Processamento de vídeo concluído com sucesso
